Using pre-set license
Built from '2022.3/staging' branch; Version is '2022.3.26f1 (ec6cd8118806) revision 15494360'; Using compiler version '192829333'; Build Type 'Release'
OS: 'Windows 11  (10.0.22631) 64bit Core' Language: 'ko' Physical Memory: 16309 MB
BatchMode: 1, IsHumanControllingUs: 0, StartBugReporterOnCrash: 0, Is64bit: 1, IsPro: 1

COMMAND LINE ARGUMENTS:
C:\Program Files\Unity 2022.3.26f1\Editor\Unity.exe
-adb2
-batchMode
-noUpm
-name
AssetImportWorker4
-projectPath
C:/Users/김영상/Desktop/ProjectF/ProjectF
-logFile
Logs/AssetImportWorker4.log
-srvPort
64743
Successfully changed project path to: C:/Users/김영상/Desktop/ProjectF/ProjectF
C:/Users/김영상/Desktop/ProjectF/ProjectF
[UnityMemory] Configuration Parameters - Can be set up in boot.config
    "memorysetup-bucket-allocator-granularity=16"
    "memorysetup-bucket-allocator-bucket-count=8"
    "memorysetup-bucket-allocator-block-size=33554432"
    "memorysetup-bucket-allocator-block-count=8"
    "memorysetup-main-allocator-block-size=16777216"
    "memorysetup-thread-allocator-block-size=16777216"
    "memorysetup-gfx-main-allocator-block-size=16777216"
    "memorysetup-gfx-thread-allocator-block-size=16777216"
    "memorysetup-cache-allocator-block-size=4194304"
    "memorysetup-typetree-allocator-block-size=2097152"
    "memorysetup-profiler-bucket-allocator-granularity=16"
    "memorysetup-profiler-bucket-allocator-bucket-count=8"
    "memorysetup-profiler-bucket-allocator-block-size=33554432"
    "memorysetup-profiler-bucket-allocator-block-count=8"
    "memorysetup-profiler-allocator-block-size=16777216"
    "memorysetup-profiler-editor-allocator-block-size=1048576"
    "memorysetup-temp-allocator-size-main=16777216"
    "memorysetup-job-temp-allocator-block-size=2097152"
    "memorysetup-job-temp-allocator-block-size-background=1048576"
    "memorysetup-job-temp-allocator-reduction-small-platforms=262144"
    "memorysetup-allocator-temp-initial-block-size-main=262144"
    "memorysetup-allocator-temp-initial-block-size-worker=262144"
    "memorysetup-temp-allocator-size-background-worker=32768"
    "memorysetup-temp-allocator-size-job-worker=262144"
    "memorysetup-temp-allocator-size-preload-manager=33554432"
    "memorysetup-temp-allocator-size-nav-mesh-worker=65536"
    "memorysetup-temp-allocator-size-audio-worker=65536"
    "memorysetup-temp-allocator-size-cloud-worker=32768"
    "memorysetup-temp-allocator-size-gi-baking-worker=262144"
    "memorysetup-temp-allocator-size-gfx=262144"
Player connection [29628] Host "[IP] 180.233.243.79 [Port] 0 [Flags] 2 [Guid] 869023779 [EditorId] 869023779 [Version] 1048832 [Id] WindowsEditor(7,DESKTOP-CCU0VGS) [Debug] 1 [PackageName] WindowsEditor [ProjectName] Editor" joined multi-casting on [225.0.0.222:54997]...

Player connection [29628] Host "[IP] 180.233.243.79 [Port] 0 [Flags] 2 [Guid] 869023779 [EditorId] 869023779 [Version] 1048832 [Id] WindowsEditor(7,DESKTOP-CCU0VGS) [Debug] 1 [PackageName] WindowsEditor [ProjectName] Editor" joined alternative multi-casting on [225.0.0.222:34997]...

[Physics::Module] Initialized MultithreadedJobDispatcher with 23 workers.
Refreshing native plugins compatible for Editor in 161.51 ms, found 4 plugins.
Preloading 0 native plugins for Editor in 0.00 ms.
Initialize engine version: 2022.3.26f1 (ec6cd8118806)
[Subsystems] Discovering subsystems at path C:/Program Files/Unity 2022.3.26f1/Editor/Data/Resources/UnitySubsystems
[Subsystems] Discovering subsystems at path C:/Users/김영상/Desktop/ProjectF/ProjectF/Assets
GfxDevice: creating device client; threaded=0; jobified=0
Direct3D:
    Version:  Direct3D 11.0 [level 11.1]
    Renderer: NVIDIA GeForce RTX 3060 (ID=0x2487)
    Vendor:   NVIDIA
    VRAM:     12124 MB
    Driver:   31.0.15.3623
Initialize mono
Mono path[0] = 'C:/Program Files/Unity 2022.3.26f1/Editor/Data/Managed'
Mono path[1] = 'C:/Program Files/Unity 2022.3.26f1/Editor/Data/MonoBleedingEdge/lib/mono/unityjit-win32'
Mono config path = 'C:/Program Files/Unity 2022.3.26f1/Editor/Data/MonoBleedingEdge/etc'
Using monoOptions --debugger-agent=transport=dt_socket,embedding=1,server=y,suspend=n,address=127.0.0.1:56780
Begin MonoManager ReloadAssembly
Registering precompiled unity dll's ...
Register platform support module: C:/Program Files/Unity 2022.3.26f1/Editor/Data/PlaybackEngines/WindowsStandaloneSupport/UnityEditor.WindowsStandalone.Extensions.dll
Registered in 0.009981 seconds.
- Loaded All Assemblies, in  0.449 seconds
Native extension for WindowsStandalone target not found
Mono: successfully reloaded assembly
- Finished resetting the current domain, in  0.236 seconds
Domain Reload Profiling: 681ms
	BeginReloadAssembly (135ms)
		ExecutionOrderSort (0ms)
		DisableScriptedObjects (0ms)
		BackupInstance (0ms)
		ReleaseScriptingObjects (0ms)
		CreateAndSetChildDomain (1ms)
	RebuildCommonClasses (36ms)
	RebuildNativeTypeToScriptingClass (8ms)
	initialDomainReloadingComplete (67ms)
	LoadAllAssembliesAndSetupDomain (198ms)
		LoadAssemblies (131ms)
		RebuildTransferFunctionScriptingTraits (0ms)
		AnalyzeDomain (196ms)
			TypeCache.Refresh (194ms)
				TypeCache.ScanAssembly (179ms)
			ScanForSourceGeneratedMonoScriptInfo (1ms)
			ResolveRequiredComponents (1ms)
	FinalizeReload (236ms)
		ReleaseScriptCaches (0ms)
		RebuildScriptCaches (0ms)
		SetupLoadedEditorAssemblies (184ms)
			LogAssemblyErrors (0ms)
			InitializePlatformSupportModulesInManaged (9ms)
			SetLoadedEditorAssemblies (7ms)
			RefreshPlugins (0ms)
			BeforeProcessingInitializeOnLoad (2ms)
			ProcessInitializeOnLoadAttributes (123ms)
			ProcessInitializeOnLoadMethodAttributes (43ms)
			AfterProcessingInitializeOnLoad (0ms)
			EditorAssembliesLoaded (0ms)
		ExecutionOrderSort2 (0ms)
		AwakeInstancesAfterBackupRestoration (0ms)
========================================================================
Worker process is ready to serve import requests
Begin MonoManager ReloadAssembly
- Loaded All Assemblies, in  0.714 seconds
Refreshing native plugins compatible for Editor in 27.11 ms, found 4 plugins.
Native extension for WindowsStandalone target not found
Package Manager log level set to [2]
[Package Manager] Server::EnsureServerProcessIsRunning -- launch failed, reason: Unity was launched with the -noUpm command-line argument
[Package Manager] UpmClient::Send -- Unable to send message (not connected to UPM process).
[Package Manager] Cannot connect to Unity Package Manager local server
Mono: successfully reloaded assembly
[Package Manager] Server::EnsureServerProcessIsRunning -- launch failed, reason: Unity was launched with the -noUpm command-line argument
[Package Manager] UpmClient::Send -- Unable to send message (not connected to UPM process).
[Package Manager] Cannot connect to Unity Package Manager local server
[Package Manager] Server::EnsureServerProcessIsRunning -- launch failed, reason: Unity was launched with the -noUpm command-line argument
[Package Manager] UpmClient::Send -- Unable to send message (not connected to UPM process).
[Package Manager] Cannot connect to Unity Package Manager local server
- Finished resetting the current domain, in  0.890 seconds
Domain Reload Profiling: 1598ms
	BeginReloadAssembly (139ms)
		ExecutionOrderSort (0ms)
		DisableScriptedObjects (4ms)
		BackupInstance (0ms)
		ReleaseScriptingObjects (0ms)
		CreateAndSetChildDomain (20ms)
	RebuildCommonClasses (25ms)
	RebuildNativeTypeToScriptingClass (8ms)
	initialDomainReloadingComplete (40ms)
	LoadAllAssembliesAndSetupDomain (495ms)
		LoadAssemblies (390ms)
		RebuildTransferFunctionScriptingTraits (0ms)
		AnalyzeDomain (191ms)
			TypeCache.Refresh (166ms)
				TypeCache.ScanAssembly (116ms)
			ScanForSourceGeneratedMonoScriptInfo (21ms)
			ResolveRequiredComponents (4ms)
	FinalizeReload (891ms)
		ReleaseScriptCaches (0ms)
		RebuildScriptCaches (0ms)
		SetupLoadedEditorAssemblies (733ms)
			LogAssemblyErrors (0ms)
			InitializePlatformSupportModulesInManaged (6ms)
			SetLoadedEditorAssemblies (5ms)
			RefreshPlugins (0ms)
			BeforeProcessingInitializeOnLoad (155ms)
			ProcessInitializeOnLoadAttributes (513ms)
			ProcessInitializeOnLoadMethodAttributes (38ms)
			AfterProcessingInitializeOnLoad (16ms)
			EditorAssembliesLoaded (0ms)
		ExecutionOrderSort2 (0ms)
		AwakeInstancesAfterBackupRestoration (17ms)
Launched and connected shader compiler UnityShaderCompiler.exe after 0.07 seconds
Refreshing native plugins compatible for Editor in 23.82 ms, found 4 plugins.
Preloading 0 native plugins for Editor in 0.00 ms.
Unloading 4944 Unused Serialized files (Serialized files now loaded: 0)
Unloading 78 unused Assets / (68.3 KB). Loaded Objects now: 5400.
Memory consumption went from 176.4 MB to 176.3 MB.
Total: 4.088500 ms (FindLiveObjects: 0.474300 ms CreateObjectMapping: 0.142800 ms MarkObjects: 3.318300 ms  DeleteObjects: 0.151700 ms)

AssetImportParameters requested are different than current active one (requested -> active):
  custom:container-demuxer-ogg: 62fdf1f143b41e24485cea50d1cbac27 -> 
  custom:video-decoder-ogg-theora: a1e56fd34408186e4bbccfd4996cb3dc -> 
  custom:framework-win-MediaFoundation: 216162199b28c13a410421893ffa2e32 -> 
  custom:CustomObjectIndexerAttribute: 9a22284fe3817be447336de3de66b15e -> 
  custom:container-demuxer-webm: 4f35f7cbe854078d1ac9338744f61a02 -> 
  custom:container-muxer-webm: aa71ff27fc2769a1b78a27578f13a17b -> 
  custom:video-decoder-webm-vp8: 9c59270c3fd7afecdb556c50c9e8de78 -> 
  custom:SearchIndexIgnoredProperties: e643bd26f0fe6173181afceb89e7c659 -> 
  custom:AudioImporter_EditorPlatform: d09bf68614088b80899f8185d706f6e7 -> 
  custom:video-encoder-webm-vp8: eb34c28f22e8b96e1ab97ce403110664 -> 
  custom:audio-decoder-ogg-vorbis: bf7c407c2cedff20999df2af8eb42d56 -> 
  custom:audio-encoder-webm-vorbis: bf7c407c2cedff20999df2af8eb42d56 -> 
========================================================================
Received Import Request.
  Time since last request: 32528.598767 seconds.
  path: Assets/@Assets/RafaelMatos/ERW-Grass Land V1.5.1/UI/UI-elements-32x32-separated sprites/inputs_1.png
  artifactKey: Guid(f9eb1b20e9ff0c2499f30566e946d760) Importer(815301076,1909f56bfc062723c751e8b465ee728b)
Start importing Assets/@Assets/RafaelMatos/ERW-Grass Land V1.5.1/UI/UI-elements-32x32-separated sprites/inputs_1.png using Guid(f9eb1b20e9ff0c2499f30566e946d760) Importer(815301076,1909f56bfc062723c751e8b465ee728b)  -> (artifact id: '828f26cd4efe88de56048d5e2fcbd044') in 0.065296 seconds
Number of updated asset objects reloaded before import = 0
Number of asset objects unloaded after import = 3
========================================================================
Received Import Request.
  Time since last request: 0.028811 seconds.
  path: Assets/@Assets/RafaelMatos/ERW-Grass Land V1.5.1/UI/UI-elements-32x32-separated sprites/inputs_7.png
  artifactKey: Guid(437473ced2a1e5040bb3260a9e69430f) Importer(815301076,1909f56bfc062723c751e8b465ee728b)
Start importing Assets/@Assets/RafaelMatos/ERW-Grass Land V1.5.1/UI/UI-elements-32x32-separated sprites/inputs_7.png using Guid(437473ced2a1e5040bb3260a9e69430f) Importer(815301076,1909f56bfc062723c751e8b465ee728b)  -> (artifact id: 'f9d21d22647f2138a37537423373d06c') in 0.014642 seconds
Number of updated asset objects reloaded before import = 0
Number of asset objects unloaded after import = 3
========================================================================
Received Import Request.
  Time since last request: 0.612299 seconds.
  path: Assets/@Assets/RafaelMatos/ERW-Grass Land V1.5.1/UI/UI-elements-32x32-separated sprites/inputs_9.png
  artifactKey: Guid(b4dd73b1f59374a4a9a3d02c73af0b4b) Importer(815301076,1909f56bfc062723c751e8b465ee728b)
Start importing Assets/@Assets/RafaelMatos/ERW-Grass Land V1.5.1/UI/UI-elements-32x32-separated sprites/inputs_9.png using Guid(b4dd73b1f59374a4a9a3d02c73af0b4b) Importer(815301076,1909f56bfc062723c751e8b465ee728b)  -> (artifact id: '32b57fc3157154cb58baccd702d6f111') in 0.011888 seconds
Number of updated asset objects reloaded before import = 0
Number of asset objects unloaded after import = 3
========================================================================
Received Import Request.
  Time since last request: 0.013830 seconds.
  path: Assets/@Assets/RafaelMatos/ERW-Grass Land V1.5.1/UI/UI-elements-32x32-separated sprites/inputs_11.png
  artifactKey: Guid(a89343f7cffb1b54e827d8220303571c) Importer(815301076,1909f56bfc062723c751e8b465ee728b)
Start importing Assets/@Assets/RafaelMatos/ERW-Grass Land V1.5.1/UI/UI-elements-32x32-separated sprites/inputs_11.png using Guid(a89343f7cffb1b54e827d8220303571c) Importer(815301076,1909f56bfc062723c751e8b465ee728b)  -> (artifact id: '93131b41329d2a69decf17ad1d3ae02f') in 0.011252 seconds
Number of updated asset objects reloaded before import = 0
Number of asset objects unloaded after import = 3
========================================================================
Received Import Request.
  Time since last request: 0.021395 seconds.
  path: Assets/@Assets/RafaelMatos/ERW-Grass Land V1.5.1/UI/UI-elements-32x32-separated sprites/inputs_arrows_down.png
  artifactKey: Guid(79dfd36fc97ff794588d2e77d7d6f5ce) Importer(815301076,1909f56bfc062723c751e8b465ee728b)
Start importing Assets/@Assets/RafaelMatos/ERW-Grass Land V1.5.1/UI/UI-elements-32x32-separated sprites/inputs_arrows_down.png using Guid(79dfd36fc97ff794588d2e77d7d6f5ce) Importer(815301076,1909f56bfc062723c751e8b465ee728b)  -> (artifact id: '0414027d095909e147240ecd4de5d7b7') in 0.009784 seconds
Number of updated asset objects reloaded before import = 0
Number of asset objects unloaded after import = 3
========================================================================
Received Import Request.
  Time since last request: 0.001211 seconds.
  path: Assets/@Assets/RafaelMatos/ERW-Grass Land V1.5.1/UI/UI-elements-32x32-separated sprites/inputs_arrows_left_1.png
  artifactKey: Guid(e17df1eb0cc598445a908f8fa922a9d5) Importer(815301076,1909f56bfc062723c751e8b465ee728b)
Start importing Assets/@Assets/RafaelMatos/ERW-Grass Land V1.5.1/UI/UI-elements-32x32-separated sprites/inputs_arrows_left_1.png using Guid(e17df1eb0cc598445a908f8fa922a9d5) Importer(815301076,1909f56bfc062723c751e8b465ee728b)  -> (artifact id: '4e9000fece60c3819da9d1b42282b3e6') in 0.009952 seconds
Number of updated asset objects reloaded before import = 0
Number of asset objects unloaded after import = 3
========================================================================
Received Import Request.
  Time since last request: 0.017469 seconds.
  path: Assets/@Assets/RafaelMatos/ERW-Grass Land V1.5.1/UI/UI-elements-32x32-separated sprites/inputs_arrows_left_down.png
  artifactKey: Guid(d0578dd282e3c8c419f645a428ad87ae) Importer(815301076,1909f56bfc062723c751e8b465ee728b)
Start importing Assets/@Assets/RafaelMatos/ERW-Grass Land V1.5.1/UI/UI-elements-32x32-separated sprites/inputs_arrows_left_down.png using Guid(d0578dd282e3c8c419f645a428ad87ae) Importer(815301076,1909f56bfc062723c751e8b465ee728b)  -> (artifact id: '7f15f2823ab12413997572b2c3e2aa06') in 0.010790 seconds
Number of updated asset objects reloaded before import = 0
Number of asset objects unloaded after import = 3
========================================================================
Received Import Request.
  Time since last request: 44.881532 seconds.
  path: Assets/@Assets/RafaelMatos/ERW-Grass Land V1.5.1/UI/UI-elements-32x32-separated sprites/inputs_arrows_left_up.png
  artifactKey: Guid(774d989f4568e574792c53939f7b3706) Importer(815301076,1909f56bfc062723c751e8b465ee728b)
Start importing Assets/@Assets/RafaelMatos/ERW-Grass Land V1.5.1/UI/UI-elements-32x32-separated sprites/inputs_arrows_left_up.png using Guid(774d989f4568e574792c53939f7b3706) Importer(815301076,1909f56bfc062723c751e8b465ee728b)  -> (artifact id: '5cbe54bd66d506d0336b0247dcf60d16') in 0.012584 seconds
Number of updated asset objects reloaded before import = 0
Number of asset objects unloaded after import = 3
========================================================================
Received Import Request.
  Time since last request: 2.711558 seconds.
  path: Assets/@Assets/RafaelMatos/ERW-Grass Land V1.5.1/UI/UI-elements-32x32-separated sprites/inputs_arrows_right.png
  artifactKey: Guid(d34c558535dcc114584be3515572f48f) Importer(815301076,1909f56bfc062723c751e8b465ee728b)
Start importing Assets/@Assets/RafaelMatos/ERW-Grass Land V1.5.1/UI/UI-elements-32x32-separated sprites/inputs_arrows_right.png using Guid(d34c558535dcc114584be3515572f48f) Importer(815301076,1909f56bfc062723c751e8b465ee728b)  -> (artifact id: '0a80543d66662166e5bdbb8fa520cb16') in 0.012493 seconds
Number of updated asset objects reloaded before import = 0
Number of asset objects unloaded after import = 3
========================================================================
Received Import Request.
  Time since last request: 0.057607 seconds.
  path: Assets/@Assets/RafaelMatos/ERW-Grass Land V1.5.1/UI/UI-elements-32x32-separated sprites/inputs_arrows_right_down.png
  artifactKey: Guid(78ba9318b591f684584d508f94a907b1) Importer(815301076,1909f56bfc062723c751e8b465ee728b)
Start importing Assets/@Assets/RafaelMatos/ERW-Grass Land V1.5.1/UI/UI-elements-32x32-separated sprites/inputs_arrows_right_down.png using Guid(78ba9318b591f684584d508f94a907b1) Importer(815301076,1909f56bfc062723c751e8b465ee728b)  -> (artifact id: '79545eb5ec2af0f625c4052aa23e6adc') in 0.010064 seconds
Number of updated asset objects reloaded before import = 0
Number of asset objects unloaded after import = 3
========================================================================
Received Import Request.
  Time since last request: 0.021867 seconds.
  path: Assets/@Assets/RafaelMatos/ERW-Grass Land V1.5.1/UI/UI-elements-32x32-separated sprites/inputs_arrows_right_up.png
  artifactKey: Guid(6899a9af45968ca40bb58d9dc79cd48b) Importer(815301076,1909f56bfc062723c751e8b465ee728b)
Start importing Assets/@Assets/RafaelMatos/ERW-Grass Land V1.5.1/UI/UI-elements-32x32-separated sprites/inputs_arrows_right_up.png using Guid(6899a9af45968ca40bb58d9dc79cd48b) Importer(815301076,1909f56bfc062723c751e8b465ee728b)  -> (artifact id: 'b022093290045691ce0ab48161485294') in 0.010178 seconds
Number of updated asset objects reloaded before import = 0
Number of asset objects unloaded after import = 3
========================================================================
Received Import Request.
  Time since last request: 0.644506 seconds.
  path: Assets/@Assets/RafaelMatos/ERW-Grass Land V1.5.1/UI/UI-elements-32x32-separated sprites/inputs_arrows_up.png
  artifactKey: Guid(f6f0bafe780841849ab9d5a1ef43a032) Importer(815301076,1909f56bfc062723c751e8b465ee728b)
Start importing Assets/@Assets/RafaelMatos/ERW-Grass Land V1.5.1/UI/UI-elements-32x32-separated sprites/inputs_arrows_up.png using Guid(f6f0bafe780841849ab9d5a1ef43a032) Importer(815301076,1909f56bfc062723c751e8b465ee728b)  -> (artifact id: '753751b49b7298d9af16afeca187f447') in 0.012252 seconds
Number of updated asset objects reloaded before import = 0
Number of asset objects unloaded after import = 3
========================================================================
Received Import Request.
  Time since last request: 0.016458 seconds.
  path: Assets/@Assets/RafaelMatos/ERW-Grass Land V1.5.1/UI/UI-elements-32x32-separated sprites/inputs_controller_button_0.png
  artifactKey: Guid(e89fe742d9176e046b10f5f5b772d1b3) Importer(815301076,1909f56bfc062723c751e8b465ee728b)
Start importing Assets/@Assets/RafaelMatos/ERW-Grass Land V1.5.1/UI/UI-elements-32x32-separated sprites/inputs_controller_button_0.png using Guid(e89fe742d9176e046b10f5f5b772d1b3) Importer(815301076,1909f56bfc062723c751e8b465ee728b)  -> (artifact id: '3fc8cc23d03e5a8e7ca25fc69abb9923') in 0.012093 seconds
Number of updated asset objects reloaded before import = 0
Number of asset objects unloaded after import = 3
========================================================================
Received Import Request.
  Time since last request: 0.021211 seconds.
  path: Assets/@Assets/RafaelMatos/ERW-Grass Land V1.5.1/UI/UI-elements-32x32-separated sprites/inputs_controller_button_2.png
  artifactKey: Guid(721de8f90bfe8604996353d97ac77402) Importer(815301076,1909f56bfc062723c751e8b465ee728b)
Start importing Assets/@Assets/RafaelMatos/ERW-Grass Land V1.5.1/UI/UI-elements-32x32-separated sprites/inputs_controller_button_2.png using Guid(721de8f90bfe8604996353d97ac77402) Importer(815301076,1909f56bfc062723c751e8b465ee728b)  -> (artifact id: '6b133a306b6d1f8399872c38b66f86a3') in 0.009070 seconds
Number of updated asset objects reloaded before import = 0
Number of asset objects unloaded after import = 3
========================================================================
Received Import Request.
  Time since last request: 0.003270 seconds.
  path: Assets/@Assets/RafaelMatos/ERW-Grass Land V1.5.1/UI/UI-elements-32x32-separated sprites/inputs_controller_button_left.png
  artifactKey: Guid(f2924b9dd8073894fb204d583e2aed6f) Importer(815301076,1909f56bfc062723c751e8b465ee728b)
Start importing Assets/@Assets/RafaelMatos/ERW-Grass Land V1.5.1/UI/UI-elements-32x32-separated sprites/inputs_controller_button_left.png using Guid(f2924b9dd8073894fb204d583e2aed6f) Importer(815301076,1909f56bfc062723c751e8b465ee728b)  -> (artifact id: '64689fca42e4c6d013d478a80ee86223') in 0.008635 seconds
Number of updated asset objects reloaded before import = 0
Number of asset objects unloaded after import = 3
========================================================================
Received Import Request.
  Time since last request: 0.206437 seconds.
  path: Assets/@Assets/RafaelMatos/ERW-Grass Land V1.5.1/UI/UI-elements-32x32-separated sprites/inputs_controller_button_LT.png
  artifactKey: Guid(4ac42a8245dc33d41807b4869d0113c6) Importer(815301076,1909f56bfc062723c751e8b465ee728b)
Start importing Assets/@Assets/RafaelMatos/ERW-Grass Land V1.5.1/UI/UI-elements-32x32-separated sprites/inputs_controller_button_LT.png using Guid(4ac42a8245dc33d41807b4869d0113c6) Importer(815301076,1909f56bfc062723c751e8b465ee728b)  -> (artifact id: '4e8e4ab15ae8f7a8a15d8b18ab8a57ca') in 0.010979 seconds
Number of updated asset objects reloaded before import = 0
Number of asset objects unloaded after import = 3
========================================================================
Received Import Request.
  Time since last request: 0.037530 seconds.
  path: Assets/@Assets/RafaelMatos/ERW-Grass Land V1.5.1/UI/UI-elements-32x32-separated sprites/inputs_controller_button_RT.png
  artifactKey: Guid(ad7d7889ce617694699c69e14f9be3e2) Importer(815301076,1909f56bfc062723c751e8b465ee728b)
Start importing Assets/@Assets/RafaelMatos/ERW-Grass Land V1.5.1/UI/UI-elements-32x32-separated sprites/inputs_controller_button_RT.png using Guid(ad7d7889ce617694699c69e14f9be3e2) Importer(815301076,1909f56bfc062723c751e8b465ee728b)  -> (artifact id: '0975ba96899f4c7e338f50d365f97834') in 0.008998 seconds
Number of updated asset objects reloaded before import = 0
Number of asset objects unloaded after import = 3
========================================================================
Received Import Request.
  Time since last request: 0.003130 seconds.
  path: Assets/@Assets/RafaelMatos/ERW-Grass Land V1.5.1/UI/UI-elements-32x32-separated sprites/scrollbar1.png
  artifactKey: Guid(c9a6b5bc0a9a5b84aad7d5bc63796941) Importer(815301076,1909f56bfc062723c751e8b465ee728b)
Start importing Assets/@Assets/RafaelMatos/ERW-Grass Land V1.5.1/UI/UI-elements-32x32-separated sprites/scrollbar1.png using Guid(c9a6b5bc0a9a5b84aad7d5bc63796941) Importer(815301076,1909f56bfc062723c751e8b465ee728b)  -> (artifact id: 'f6c38f5b8327e9f3524eac1d9ad85898') in 0.007809 seconds
Number of updated asset objects reloaded before import = 0
Number of asset objects unloaded after import = 3
========================================================================
Received Import Request.
  Time since last request: 0.000151 seconds.
  path: Assets/@Assets/RafaelMatos/ERW-Grass Land V1.5.1/UI/UI-elements-32x32-separated sprites/scrollbar1-2_bg2.png
  artifactKey: Guid(d9624a3bbd2acf54eafc2ac2fd653df8) Importer(815301076,1909f56bfc062723c751e8b465ee728b)
Start importing Assets/@Assets/RafaelMatos/ERW-Grass Land V1.5.1/UI/UI-elements-32x32-separated sprites/scrollbar1-2_bg2.png using Guid(d9624a3bbd2acf54eafc2ac2fd653df8) Importer(815301076,1909f56bfc062723c751e8b465ee728b)  -> (artifact id: 'ecc862bc80a61e77007348707154f5cc') in 0.008808 seconds
Number of updated asset objects reloaded before import = 0
Number of asset objects unloaded after import = 3
========================================================================
Received Import Request.
  Time since last request: 0.018261 seconds.
  path: Assets/@Assets/RafaelMatos/ERW-Grass Land V1.5.1/UI/UI-elements-32x32-separated sprites/scrollbar2.png
  artifactKey: Guid(83d0a526264464c42bb149365fd0f7bc) Importer(815301076,1909f56bfc062723c751e8b465ee728b)
Start importing Assets/@Assets/RafaelMatos/ERW-Grass Land V1.5.1/UI/UI-elements-32x32-separated sprites/scrollbar2.png using Guid(83d0a526264464c42bb149365fd0f7bc) Importer(815301076,1909f56bfc062723c751e8b465ee728b)  -> (artifact id: '2cc3610555c5cf488b9e40c9bfb239ed') in 0.008568 seconds
Number of updated asset objects reloaded before import = 0
Number of asset objects unloaded after import = 3
========================================================================
Received Import Request.
  Time since last request: 0.223844 seconds.
  path: Assets/@Assets/RafaelMatos/ERW-Grass Land V1.5.1/UI/UI-elements-32x32-separated sprites/scrollbars_1.png
  artifactKey: Guid(ae71ebc65c2541f49916c574ecd9ca69) Importer(815301076,1909f56bfc062723c751e8b465ee728b)
Start importing Assets/@Assets/RafaelMatos/ERW-Grass Land V1.5.1/UI/UI-elements-32x32-separated sprites/scrollbars_1.png using Guid(ae71ebc65c2541f49916c574ecd9ca69) Importer(815301076,1909f56bfc062723c751e8b465ee728b)  -> (artifact id: '49f374b22c042548248c707093a7f7aa') in 0.010521 seconds
Number of updated asset objects reloaded before import = 0
Number of asset objects unloaded after import = 3
========================================================================
Received Import Request.
  Time since last request: 0.032168 seconds.
  path: Assets/@Assets/RafaelMatos/ERW-Grass Land V1.5.1/UI/UI-elements-32x32-separated sprites/skill_icon_cropped_0.png
  artifactKey: Guid(fe9a924ed87fa3b42a22dd204b960393) Importer(815301076,1909f56bfc062723c751e8b465ee728b)
Start importing Assets/@Assets/RafaelMatos/ERW-Grass Land V1.5.1/UI/UI-elements-32x32-separated sprites/skill_icon_cropped_0.png using Guid(fe9a924ed87fa3b42a22dd204b960393) Importer(815301076,1909f56bfc062723c751e8b465ee728b)  -> (artifact id: '20210a716e67ed757132256ffedf91ea') in 0.010064 seconds
Number of updated asset objects reloaded before import = 0
Number of asset objects unloaded after import = 3
========================================================================
Received Import Request.
  Time since last request: 0.004779 seconds.
  path: Assets/@Assets/RafaelMatos/ERW-Grass Land V1.5.1/UI/UI-elements-32x32-separated sprites/skill_icon_cropped_2.png
  artifactKey: Guid(b132354a77e09684c8037552a0155714) Importer(815301076,1909f56bfc062723c751e8b465ee728b)
Start importing Assets/@Assets/RafaelMatos/ERW-Grass Land V1.5.1/UI/UI-elements-32x32-separated sprites/skill_icon_cropped_2.png using Guid(b132354a77e09684c8037552a0155714) Importer(815301076,1909f56bfc062723c751e8b465ee728b)  -> (artifact id: '3d79eaae772929ed4c25122e0b5029ef') in 0.009044 seconds
Number of updated asset objects reloaded before import = 0
Number of asset objects unloaded after import = 3
========================================================================
Received Import Request.
  Time since last request: 0.029804 seconds.
  path: Assets/@Assets/RafaelMatos/ERW-Grass Land V1.5.1/UI/UI-elements-32x32-separated sprites/skill_icon_cropped_4.png
  artifactKey: Guid(f9ef7944d5fcb224ab3aaae7dfa98a42) Importer(815301076,1909f56bfc062723c751e8b465ee728b)
Start importing Assets/@Assets/RafaelMatos/ERW-Grass Land V1.5.1/UI/UI-elements-32x32-separated sprites/skill_icon_cropped_4.png using Guid(f9ef7944d5fcb224ab3aaae7dfa98a42) Importer(815301076,1909f56bfc062723c751e8b465ee728b)  -> (artifact id: 'fbad5ad4cb8c978c79555a57013d894c') in 0.008701 seconds
Number of updated asset objects reloaded before import = 0
Number of asset objects unloaded after import = 3
========================================================================
Received Import Request.
  Time since last request: 0.268592 seconds.
  path: Assets/@Assets/RafaelMatos/ERW-Grass Land V1.5.1/UI/UI-elements-32x32-separated sprites/skill_icon_cropped_6.png
  artifactKey: Guid(08dcf2950f516ae4e9d86c56352106b8) Importer(815301076,1909f56bfc062723c751e8b465ee728b)
Start importing Assets/@Assets/RafaelMatos/ERW-Grass Land V1.5.1/UI/UI-elements-32x32-separated sprites/skill_icon_cropped_6.png using Guid(08dcf2950f516ae4e9d86c56352106b8) Importer(815301076,1909f56bfc062723c751e8b465ee728b)  -> (artifact id: '6cf9294cffdc212a140f69df75f07ca2') in 0.010336 seconds
Number of updated asset objects reloaded before import = 0
Number of asset objects unloaded after import = 3
========================================================================
Received Import Request.
  Time since last request: 0.039616 seconds.
  path: Assets/@Assets/RafaelMatos/ERW-Grass Land V1.5.1/UI/UI-elements-32x32-separated sprites/skill_icon_slot_hud_0.png
  artifactKey: Guid(37779c83b63a47041938753efda90ed1) Importer(815301076,1909f56bfc062723c751e8b465ee728b)
Start importing Assets/@Assets/RafaelMatos/ERW-Grass Land V1.5.1/UI/UI-elements-32x32-separated sprites/skill_icon_slot_hud_0.png using Guid(37779c83b63a47041938753efda90ed1) Importer(815301076,1909f56bfc062723c751e8b465ee728b)  -> (artifact id: 'febf7bc71f0c6a389240458d901494c6') in 0.010450 seconds
Number of updated asset objects reloaded before import = 0
Number of asset objects unloaded after import = 3
========================================================================
Received Import Request.
  Time since last request: 0.001449 seconds.
  path: Assets/@Assets/RafaelMatos/ERW-Grass Land V1.5.1/UI/UI-elements-32x32-separated sprites/skill_icon_slot_hud_3.png
  artifactKey: Guid(9fd9a0cbad632124aba0c2adf73c648e) Importer(815301076,1909f56bfc062723c751e8b465ee728b)
Start importing Assets/@Assets/RafaelMatos/ERW-Grass Land V1.5.1/UI/UI-elements-32x32-separated sprites/skill_icon_slot_hud_3.png using Guid(9fd9a0cbad632124aba0c2adf73c648e) Importer(815301076,1909f56bfc062723c751e8b465ee728b)  -> (artifact id: '6f990fad14f0b0ffed7e9fedefc0134e') in 0.009531 seconds
Number of updated asset objects reloaded before import = 0
Number of asset objects unloaded after import = 3
========================================================================
Received Import Request.
  Time since last request: 0.014714 seconds.
  path: Assets/@Assets/RafaelMatos/ERW-Grass Land V1.5.1/UI/UI-elements-32x32-separated sprites/skill_icon_slot_hud_4.png
  artifactKey: Guid(4b5fd39fed1576c46b4611896a5ddfc9) Importer(815301076,1909f56bfc062723c751e8b465ee728b)
Start importing Assets/@Assets/RafaelMatos/ERW-Grass Land V1.5.1/UI/UI-elements-32x32-separated sprites/skill_icon_slot_hud_4.png using Guid(4b5fd39fed1576c46b4611896a5ddfc9) Importer(815301076,1909f56bfc062723c751e8b465ee728b)  -> (artifact id: '967940f423fe65c457e662b13edf9ede') in 0.008645 seconds
Number of updated asset objects reloaded before import = 0
Number of asset objects unloaded after import = 3
========================================================================
Received Import Request.
  Time since last request: 0.265919 seconds.
  path: Assets/@Assets/RafaelMatos/ERW-Grass Land V1.5.1/UI/UI-elements-32x32-separated sprites/skill_icon_slot_hud_6.png
  artifactKey: Guid(a1bb1c471867fa9419df6fd87634524b) Importer(815301076,1909f56bfc062723c751e8b465ee728b)
Start importing Assets/@Assets/RafaelMatos/ERW-Grass Land V1.5.1/UI/UI-elements-32x32-separated sprites/skill_icon_slot_hud_6.png using Guid(a1bb1c471867fa9419df6fd87634524b) Importer(815301076,1909f56bfc062723c751e8b465ee728b)  -> (artifact id: '7e36519614e0373708b5f263af9fe691') in 0.010581 seconds
Number of updated asset objects reloaded before import = 0
Number of asset objects unloaded after import = 3
========================================================================
Received Import Request.
  Time since last request: 0.053440 seconds.
  path: Assets/@Assets/RafaelMatos/ERW-Grass Land V1.5.1/UI/UI-elements-32x32-separated sprites/skill_icon_slot_hud_empty_0.png
  artifactKey: Guid(5eed1d1cacae8c849bef2cbbe40578cd) Importer(815301076,1909f56bfc062723c751e8b465ee728b)
Start importing Assets/@Assets/RafaelMatos/ERW-Grass Land V1.5.1/UI/UI-elements-32x32-separated sprites/skill_icon_slot_hud_empty_0.png using Guid(5eed1d1cacae8c849bef2cbbe40578cd) Importer(815301076,1909f56bfc062723c751e8b465ee728b)  -> (artifact id: 'fb908ee69c1445cab26d71d60101a6fa') in 0.010569 seconds
Number of updated asset objects reloaded before import = 0
Number of asset objects unloaded after import = 3
========================================================================
Received Import Request.
  Time since last request: 0.124996 seconds.
  path: Assets/@Assets/RafaelMatos/ERW-Grass Land V1.5.1/UI/UI-elements-32x32-separated sprites/skill_icon_slot_hud_empty_2.png
  artifactKey: Guid(4629889b8b8bb934687eea64007bc64a) Importer(815301076,1909f56bfc062723c751e8b465ee728b)
Start importing Assets/@Assets/RafaelMatos/ERW-Grass Land V1.5.1/UI/UI-elements-32x32-separated sprites/skill_icon_slot_hud_empty_2.png using Guid(4629889b8b8bb934687eea64007bc64a) Importer(815301076,1909f56bfc062723c751e8b465ee728b)  -> (artifact id: '2e6ed19e8466a05e1788db0f4e623d23') in 0.013314 seconds
Number of updated asset objects reloaded before import = 0
Number of asset objects unloaded after import = 3
========================================================================
Received Import Request.
  Time since last request: 0.033981 seconds.
  path: Assets/@Assets/RafaelMatos/ERW-Grass Land V1.5.1/UI/UI-elements-32x32-separated sprites/skill_slots_ui_1.png
  artifactKey: Guid(3d628c654884d76409f6618ab15cf643) Importer(815301076,1909f56bfc062723c751e8b465ee728b)
Start importing Assets/@Assets/RafaelMatos/ERW-Grass Land V1.5.1/UI/UI-elements-32x32-separated sprites/skill_slots_ui_1.png using Guid(3d628c654884d76409f6618ab15cf643) Importer(815301076,1909f56bfc062723c751e8b465ee728b)  -> (artifact id: 'b168b057b5adcf95d7730d7239e47904') in 0.009921 seconds
Number of updated asset objects reloaded before import = 0
Number of asset objects unloaded after import = 3
========================================================================
Received Import Request.
  Time since last request: 0.294336 seconds.
  path: Assets/@Assets/RafaelMatos/ERW-Grass Land V1.5.1/UI/UI-elements-32x32-separated sprites/skill_slots_ui_3.png
  artifactKey: Guid(a66a7b47b304b03429b0a16f676aeb9a) Importer(815301076,1909f56bfc062723c751e8b465ee728b)
Start importing Assets/@Assets/RafaelMatos/ERW-Grass Land V1.5.1/UI/UI-elements-32x32-separated sprites/skill_slots_ui_3.png using Guid(a66a7b47b304b03429b0a16f676aeb9a) Importer(815301076,1909f56bfc062723c751e8b465ee728b)  -> (artifact id: '320628924aa3415030b1eb9cf44ecd53') in 0.009946 seconds
Number of updated asset objects reloaded before import = 0
Number of asset objects unloaded after import = 3
========================================================================
Received Import Request.
  Time since last request: 0.005825 seconds.
  path: Assets/@Assets/RafaelMatos/ERW-Grass Land V1.5.1/UI/UI-elements-32x32-separated sprites/skill_slots_ui_5.png
  artifactKey: Guid(d860762b5b612cd4a8b0987471360195) Importer(815301076,1909f56bfc062723c751e8b465ee728b)
Start importing Assets/@Assets/RafaelMatos/ERW-Grass Land V1.5.1/UI/UI-elements-32x32-separated sprites/skill_slots_ui_5.png using Guid(d860762b5b612cd4a8b0987471360195) Importer(815301076,1909f56bfc062723c751e8b465ee728b)  -> (artifact id: '9c866703c7bde036491158f5563b17ae') in 0.009484 seconds
Number of updated asset objects reloaded before import = 0
Number of asset objects unloaded after import = 3
========================================================================
Received Import Request.
  Time since last request: 0.029989 seconds.
  path: Assets/@Assets/RafaelMatos/ERW-Grass Land V1.5.1/UI/UI-elements-32x32-separated sprites/skill_slots_ui_7.png
  artifactKey: Guid(0634876b1e2b359418513e676f4b175a) Importer(815301076,1909f56bfc062723c751e8b465ee728b)
Start importing Assets/@Assets/RafaelMatos/ERW-Grass Land V1.5.1/UI/UI-elements-32x32-separated sprites/skill_slots_ui_7.png using Guid(0634876b1e2b359418513e676f4b175a) Importer(815301076,1909f56bfc062723c751e8b465ee728b)  -> (artifact id: 'f5ebb5e7e8e47a3a90f64b96202cb287') in 0.008561 seconds
Number of updated asset objects reloaded before import = 0
Number of asset objects unloaded after import = 3
========================================================================
Received Import Request.
  Time since last request: 0.001762 seconds.
  path: Assets/@Assets/RafaelMatos/ERW-Grass Land V1.5.1/UI/UI-elements-32x32-separated sprites/skill_slots_ui_10.png
  artifactKey: Guid(7d4e95f7ea0673a41b6ecd8260713af5) Importer(815301076,1909f56bfc062723c751e8b465ee728b)
Start importing Assets/@Assets/RafaelMatos/ERW-Grass Land V1.5.1/UI/UI-elements-32x32-separated sprites/skill_slots_ui_10.png using Guid(7d4e95f7ea0673a41b6ecd8260713af5) Importer(815301076,1909f56bfc062723c751e8b465ee728b)  -> (artifact id: '572d056364e1f06844b16e302954c143') in 0.008428 seconds
Number of updated asset objects reloaded before import = 0
Number of asset objects unloaded after import = 3
========================================================================
Received Import Request.
  Time since last request: 0.036632 seconds.
  path: Assets/@Assets/RafaelMatos/ERW-Grass Land V1.5.1/UI/UI-elements-32x32-separated sprites/skill_slots_ui_11.png
  artifactKey: Guid(edaeb027a355c5a4ca131c33f04c5228) Importer(815301076,1909f56bfc062723c751e8b465ee728b)
Start importing Assets/@Assets/RafaelMatos/ERW-Grass Land V1.5.1/UI/UI-elements-32x32-separated sprites/skill_slots_ui_11.png using Guid(edaeb027a355c5a4ca131c33f04c5228) Importer(815301076,1909f56bfc062723c751e8b465ee728b)  -> (artifact id: '680a64216fe8264f07609787d2252330') in 0.010040 seconds
Number of updated asset objects reloaded before import = 0
Number of asset objects unloaded after import = 3
========================================================================
Received Import Request.
  Time since last request: 39.886784 seconds.
  path: Assets/@Assets/RafaelMatos/ERW-Grass Land V1.5.1/UI/UI-elements-32x32-separated sprites/skill_slots_ui_13.png
  artifactKey: Guid(de4a6fbfd5b7a9f4e9ed35360f016bf5) Importer(815301076,1909f56bfc062723c751e8b465ee728b)
Start importing Assets/@Assets/RafaelMatos/ERW-Grass Land V1.5.1/UI/UI-elements-32x32-separated sprites/skill_slots_ui_13.png using Guid(de4a6fbfd5b7a9f4e9ed35360f016bf5) Importer(815301076,1909f56bfc062723c751e8b465ee728b)  -> (artifact id: '26ebf5366d22bd91d4ea28286633530b') in 0.012334 seconds
Number of updated asset objects reloaded before import = 0
Number of asset objects unloaded after import = 3
========================================================================
Received Import Request.
  Time since last request: 0.279815 seconds.
  path: Assets/@Assets/RafaelMatos/ERW-Grass Land V1.5.1/UI/UI-elements-32x32-separated sprites/skill_slots_ui_15.png
  artifactKey: Guid(526eb530d9c286042989fbbe3d3acc5d) Importer(815301076,1909f56bfc062723c751e8b465ee728b)
Start importing Assets/@Assets/RafaelMatos/ERW-Grass Land V1.5.1/UI/UI-elements-32x32-separated sprites/skill_slots_ui_15.png using Guid(526eb530d9c286042989fbbe3d3acc5d) Importer(815301076,1909f56bfc062723c751e8b465ee728b)  -> (artifact id: 'd78a3ebfaeeebd36f536a7ab4a56eb80') in 0.011871 seconds
Number of updated asset objects reloaded before import = 0
Number of asset objects unloaded after import = 3
========================================================================
Received Import Request.
  Time since last request: 0.039993 seconds.
  path: Assets/@Assets/RafaelMatos/ERW-Grass Land V1.5.1/UI/UI-elements-32x32-separated sprites/skill_slots_ui_17.png
  artifactKey: Guid(34bbd04d7bdf34c4bb10fcad6698c9c3) Importer(815301076,1909f56bfc062723c751e8b465ee728b)
Start importing Assets/@Assets/RafaelMatos/ERW-Grass Land V1.5.1/UI/UI-elements-32x32-separated sprites/skill_slots_ui_17.png using Guid(34bbd04d7bdf34c4bb10fcad6698c9c3) Importer(815301076,1909f56bfc062723c751e8b465ee728b)  -> (artifact id: 'dc2df94d490d5c92392b52634098dbdd') in 0.009231 seconds
Number of updated asset objects reloaded before import = 0
Number of asset objects unloaded after import = 3
========================================================================
Received Import Request.
  Time since last request: 0.000853 seconds.
  path: Assets/@Assets/RafaelMatos/ERW-Grass Land V1.5.1/UI/UI-elements-32x32-separated sprites/skill_slots_ui_20.png
  artifactKey: Guid(fd92ba776289d40408774baa183b6451) Importer(815301076,1909f56bfc062723c751e8b465ee728b)
Start importing Assets/@Assets/RafaelMatos/ERW-Grass Land V1.5.1/UI/UI-elements-32x32-separated sprites/skill_slots_ui_20.png using Guid(fd92ba776289d40408774baa183b6451) Importer(815301076,1909f56bfc062723c751e8b465ee728b)  -> (artifact id: '65ff293f0450963ef6494e85b82d6b16') in 0.008433 seconds
Number of updated asset objects reloaded before import = 0
Number of asset objects unloaded after import = 3
========================================================================
Received Import Request.
  Time since last request: 0.014698 seconds.
  path: Assets/@Assets/RafaelMatos/ERW-Grass Land V1.5.1/UI/UI-elements-32x32-separated sprites/skill_slots_ui_21.png
  artifactKey: Guid(7acfe82350608c644946cd8ae8e98c2f) Importer(815301076,1909f56bfc062723c751e8b465ee728b)
Start importing Assets/@Assets/RafaelMatos/ERW-Grass Land V1.5.1/UI/UI-elements-32x32-separated sprites/skill_slots_ui_21.png using Guid(7acfe82350608c644946cd8ae8e98c2f) Importer(815301076,1909f56bfc062723c751e8b465ee728b)  -> (artifact id: '60c6a905a63ed8d308d35f735c4889e7') in 0.009343 seconds
Number of updated asset objects reloaded before import = 0
Number of asset objects unloaded after import = 3
========================================================================
Received Import Request.
  Time since last request: 0.208849 seconds.
  path: Assets/@Assets/RafaelMatos/ERW-Grass Land V1.5.1/UI/UI-elements-32x32-separated sprites/skill_slots_ui_23.png
  artifactKey: Guid(0878910ac7e23f8408424e86d2c3c504) Importer(815301076,1909f56bfc062723c751e8b465ee728b)
Start importing Assets/@Assets/RafaelMatos/ERW-Grass Land V1.5.1/UI/UI-elements-32x32-separated sprites/skill_slots_ui_23.png using Guid(0878910ac7e23f8408424e86d2c3c504) Importer(815301076,1909f56bfc062723c751e8b465ee728b)  -> (artifact id: '7bfe1f85a47f1433003e4f423ca66d26') in 0.009964 seconds
Number of updated asset objects reloaded before import = 0
Number of asset objects unloaded after import = 3
========================================================================
Received Import Request.
  Time since last request: 0.030225 seconds.
  path: Assets/@Assets/RafaelMatos/ERW-Grass Land V1.5.1/UI/UI-elements-32x32-separated sprites/tabs_horizontally tileable_1.png
  artifactKey: Guid(d5ccd94579fb0ea489fbb66805207b7f) Importer(815301076,1909f56bfc062723c751e8b465ee728b)
Start importing Assets/@Assets/RafaelMatos/ERW-Grass Land V1.5.1/UI/UI-elements-32x32-separated sprites/tabs_horizontally tileable_1.png using Guid(d5ccd94579fb0ea489fbb66805207b7f) Importer(815301076,1909f56bfc062723c751e8b465ee728b)  -> (artifact id: 'fbf3e30258e1b48ddccb3975312f0144') in 0.010487 seconds
Number of updated asset objects reloaded before import = 0
Number of asset objects unloaded after import = 3
========================================================================
Received Import Request.
  Time since last request: 118.658131 seconds.
  path: Assets/@Assets/RafaelMatos/ERW-Grass Land V1.5.1/UI/NPC Blacksmith - avatar.png
  artifactKey: Guid(e3deda23a81607f4ba81b425e4631ab9) Importer(815301076,1909f56bfc062723c751e8b465ee728b)
Start importing Assets/@Assets/RafaelMatos/ERW-Grass Land V1.5.1/UI/NPC Blacksmith - avatar.png using Guid(e3deda23a81607f4ba81b425e4631ab9) Importer(815301076,1909f56bfc062723c751e8b465ee728b)  -> (artifact id: '9533361a0ca20f3d3752cc8ab9dfef9a') in 0.009449 seconds
Number of updated asset objects reloaded before import = 0
Number of asset objects unloaded after import = 3
========================================================================
Received Import Request.
  Time since last request: 0.000012 seconds.
  path: Assets/@Assets/RafaelMatos/ERW-Grass Land V1.5.1/UI/NPC Blacksmith - avatar-speaking.png
  artifactKey: Guid(78fc407e849e2684682ede160b3e7cee) Importer(815301076,1909f56bfc062723c751e8b465ee728b)
Start importing Assets/@Assets/RafaelMatos/ERW-Grass Land V1.5.1/UI/NPC Blacksmith - avatar-speaking.png using Guid(78fc407e849e2684682ede160b3e7cee) Importer(815301076,1909f56bfc062723c751e8b465ee728b)  -> (artifact id: '394286fe9227037f83ecfa038dedcf54') in 0.025171 seconds
Number of updated asset objects reloaded before import = 0
Number of asset objects unloaded after import = 15
========================================================================
Received Import Request.
  Time since last request: 0.000014 seconds.
  path: Assets/@Assets/RafaelMatos/ERW-Grass Land V1.5.1/UI/NPC Vendor - avatar-speaking.png
  artifactKey: Guid(5a911a4abdcb69d41a0689de9ef41fa1) Importer(815301076,1909f56bfc062723c751e8b465ee728b)
Start importing Assets/@Assets/RafaelMatos/ERW-Grass Land V1.5.1/UI/NPC Vendor - avatar-speaking.png using Guid(5a911a4abdcb69d41a0689de9ef41fa1) Importer(815301076,1909f56bfc062723c751e8b465ee728b)  -> (artifact id: '237a46612151897c1dad3b35d808b091') in 0.031659 seconds
Number of updated asset objects reloaded before import = 0
Number of asset objects unloaded after import = 15
========================================================================
Received Import Request.
  Time since last request: 0.000012 seconds.
  path: Assets/@Assets/RafaelMatos/ERW-Grass Land V1.5.1/UI/UI-elements-64x64.png
  artifactKey: Guid(4adc1ea7283f14d4ba5059c27c95af41) Importer(815301076,1909f56bfc062723c751e8b465ee728b)
Start importing Assets/@Assets/RafaelMatos/ERW-Grass Land V1.5.1/UI/UI-elements-64x64.png using Guid(4adc1ea7283f14d4ba5059c27c95af41) Importer(815301076,1909f56bfc062723c751e8b465ee728b)  -> (artifact id: 'cb369f44075fbcb22dfbb544088e804d') in 0.235667 seconds
Number of updated asset objects reloaded before import = 0
Number of asset objects unloaded after import = 176
========================================================================
Received Import Request.
  Time since last request: 245.609308 seconds.
  path: Assets/@Assets/RafaelMatos/ERW-Grass Land V1.5.1/Props/animated/animated grass-1.png
  artifactKey: Guid(b6cbc3dc596b940479c30c4f1ba32c85) Importer(815301076,1909f56bfc062723c751e8b465ee728b)
Start importing Assets/@Assets/RafaelMatos/ERW-Grass Land V1.5.1/Props/animated/animated grass-1.png using Guid(b6cbc3dc596b940479c30c4f1ba32c85) Importer(815301076,1909f56bfc062723c751e8b465ee728b)  -> (artifact id: 'f6bd936c408dd21f7ec9085c0ec41ab9') in 0.032673 seconds
Number of updated asset objects reloaded before import = 0
Number of asset objects unloaded after import = 18
========================================================================
Received Import Request.
  Time since last request: 0.000016 seconds.
  path: Assets/@Assets/RafaelMatos/ERW-Grass Land V1.5.1/Props/animated/animated grass-3.png
  artifactKey: Guid(368d9b5f9222ae54c936468fa26afd0d) Importer(815301076,1909f56bfc062723c751e8b465ee728b)
Start importing Assets/@Assets/RafaelMatos/ERW-Grass Land V1.5.1/Props/animated/animated grass-3.png using Guid(368d9b5f9222ae54c936468fa26afd0d) Importer(815301076,1909f56bfc062723c751e8b465ee728b)  -> (artifact id: '87f6a6241a6ce076d3b1027eb473630b') in 0.033148 seconds
Number of updated asset objects reloaded before import = 0
Number of asset objects unloaded after import = 18
========================================================================
Received Import Request.
  Time since last request: 0.006140 seconds.
  path: Assets/@Assets/RafaelMatos/ERW-Grass Land V1.5.1/Props/animated/campfire 1-2.png
  artifactKey: Guid(47596c6fcecba9742be7ba790c81503b) Importer(815301076,1909f56bfc062723c751e8b465ee728b)
Start importing Assets/@Assets/RafaelMatos/ERW-Grass Land V1.5.1/Props/animated/campfire 1-2.png using Guid(47596c6fcecba9742be7ba790c81503b) Importer(815301076,1909f56bfc062723c751e8b465ee728b)  -> (artifact id: '8b29f0feb9631de3dc3c93d70111fc6f') in 0.029587 seconds
Number of updated asset objects reloaded before import = 0
Number of asset objects unloaded after import = 10
========================================================================
Received Import Request.
  Time since last request: 0.000017 seconds.
  path: Assets/@Assets/RafaelMatos/ERW-Grass Land V1.5.1/Props/animated/coin-FLIP.png
  artifactKey: Guid(ce3053ddeb18bac40b20ec7ef4056a48) Importer(815301076,1909f56bfc062723c751e8b465ee728b)
Start importing Assets/@Assets/RafaelMatos/ERW-Grass Land V1.5.1/Props/animated/coin-FLIP.png using Guid(ce3053ddeb18bac40b20ec7ef4056a48) Importer(815301076,1909f56bfc062723c751e8b465ee728b)  -> (artifact id: '2c81b8ccb7c5eb1cd118b21992a68484') in 0.074521 seconds
Number of updated asset objects reloaded before import = 0
Number of asset objects unloaded after import = 14
========================================================================
Received Import Request.
  Time since last request: 0.000016 seconds.
  path: Assets/@Assets/RafaelMatos/ERW-Grass Land V1.5.1/Props/animated/campfire 2-1.png
  artifactKey: Guid(dac85ed366f887c4ea827147f98275f9) Importer(815301076,1909f56bfc062723c751e8b465ee728b)
Start importing Assets/@Assets/RafaelMatos/ERW-Grass Land V1.5.1/Props/animated/campfire 2-1.png using Guid(dac85ed366f887c4ea827147f98275f9) Importer(815301076,1909f56bfc062723c751e8b465ee728b)  -> (artifact id: '89ac1feb7d1d00f58b56c73158b92401') in 0.072526 seconds
Number of updated asset objects reloaded before import = 0
Number of asset objects unloaded after import = 10
========================================================================
Received Import Request.
  Time since last request: 0.000017 seconds.
  path: Assets/@Assets/RafaelMatos/ERW-Grass Land V1.5.1/Props/animated/blacksmith sign- swinging sign anim.png
  artifactKey: Guid(9d62f51f3d6cabe46b0df096ff2b2ed7) Importer(815301076,1909f56bfc062723c751e8b465ee728b)
Start importing Assets/@Assets/RafaelMatos/ERW-Grass Land V1.5.1/Props/animated/blacksmith sign- swinging sign anim.png using Guid(9d62f51f3d6cabe46b0df096ff2b2ed7) Importer(815301076,1909f56bfc062723c751e8b465ee728b)  -> (artifact id: 'e4ddcae8e03d86ee7ebc8c2cbdc2ff06') in 0.099336 seconds
Number of updated asset objects reloaded before import = 0
Number of asset objects unloaded after import = 18
========================================================================
Received Import Request.
  Time since last request: 0.000015 seconds.
  path: Assets/@Assets/RafaelMatos/ERW-Grass Land V1.5.1/Props/prefab/Anvil.prefab
  artifactKey: Guid(f7fc95acabd0f5e468e48dc38d8e97aa) Importer(815301076,1909f56bfc062723c751e8b465ee728b)
Start importing Assets/@Assets/RafaelMatos/ERW-Grass Land V1.5.1/Props/prefab/Anvil.prefab using Guid(f7fc95acabd0f5e468e48dc38d8e97aa) Importer(815301076,1909f56bfc062723c751e8b465ee728b)  -> (artifact id: '681c72770d763b4b8d665449d7f2061c') in 0.039219 seconds
Number of updated asset objects reloaded before import = 0
Number of asset objects unloaded after import = 17
========================================================================
Received Import Request.
  Time since last request: 0.000024 seconds.
  path: Assets/@Assets/RafaelMatos/ERW-Grass Land V1.5.1/Props/prefab/Door1.prefab
  artifactKey: Guid(f10c9eb98530e534789e7bdbd6f7fb5c) Importer(815301076,1909f56bfc062723c751e8b465ee728b)
Start importing Assets/@Assets/RafaelMatos/ERW-Grass Land V1.5.1/Props/prefab/Door1.prefab using Guid(f10c9eb98530e534789e7bdbd6f7fb5c) Importer(815301076,1909f56bfc062723c751e8b465ee728b)  -> (artifact id: '3c9d21d4719a9080f1b9f7671498da24') in 0.022218 seconds
Number of updated asset objects reloaded before import = 0
Number of asset objects unloaded after import = 24
========================================================================
Received Import Request.
  Time since last request: 0.000018 seconds.
  path: Assets/@Assets/RafaelMatos/ERW-Grass Land V1.5.1/Props/prefab/Forge1.prefab
  artifactKey: Guid(4b0a139eec48ba149af07045d097386b) Importer(815301076,1909f56bfc062723c751e8b465ee728b)
Start importing Assets/@Assets/RafaelMatos/ERW-Grass Land V1.5.1/Props/prefab/Forge1.prefab using Guid(4b0a139eec48ba149af07045d097386b) Importer(815301076,1909f56bfc062723c751e8b465ee728b)  -> (artifact id: '4bac1f9ce46140153ec104c4d9a9f8b8') in 0.037237 seconds
Number of updated asset objects reloaded before import = 0
Number of asset objects unloaded after import = 30
========================================================================
Received Import Request.
  Time since last request: 0.000016 seconds.
  path: Assets/@Assets/RafaelMatos/ERW-Grass Land V1.5.1/Props/prefab/Campfire1-2.prefab
  artifactKey: Guid(52e74deb1afea574a8fbd3c2a5164fad) Importer(815301076,1909f56bfc062723c751e8b465ee728b)
Start importing Assets/@Assets/RafaelMatos/ERW-Grass Land V1.5.1/Props/prefab/Campfire1-2.prefab using Guid(52e74deb1afea574a8fbd3c2a5164fad) Importer(815301076,1909f56bfc062723c751e8b465ee728b)  -> (artifact id: '149740a46231825aa667de03673dfc7c') in 0.021651 seconds
Number of updated asset objects reloaded before import = 0
Number of asset objects unloaded after import = 19
========================================================================
Received Import Request.
  Time since last request: 0.000017 seconds.
  path: Assets/@Assets/RafaelMatos/ERW-Grass Land V1.5.1/Props/prefab/ChestLevel1.prefab
  artifactKey: Guid(02b66819371be6a4fbaabe51da1fe063) Importer(815301076,1909f56bfc062723c751e8b465ee728b)
Start importing Assets/@Assets/RafaelMatos/ERW-Grass Land V1.5.1/Props/prefab/ChestLevel1.prefab using Guid(02b66819371be6a4fbaabe51da1fe063) Importer(815301076,1909f56bfc062723c751e8b465ee728b)  -> (artifact id: '6423af5d2a3c9f1dcad4daa43f4a27c4') in 0.046972 seconds
Number of updated asset objects reloaded before import = 0
Number of asset objects unloaded after import = 55
========================================================================
Received Import Request.
  Time since last request: 0.000015 seconds.
  path: Assets/@Assets/RafaelMatos/ERW-Grass Land V1.5.1/Props/prefab/Forge2.prefab
  artifactKey: Guid(b327dd30b935f914a8eb93092ca9b211) Importer(815301076,1909f56bfc062723c751e8b465ee728b)
Start importing Assets/@Assets/RafaelMatos/ERW-Grass Land V1.5.1/Props/prefab/Forge2.prefab using Guid(b327dd30b935f914a8eb93092ca9b211) Importer(815301076,1909f56bfc062723c751e8b465ee728b)  -> (artifact id: 'ed5435475e4c79a833e811c8dcf0f46f') in 0.034548 seconds
Number of updated asset objects reloaded before import = 0
Number of asset objects unloaded after import = 30
========================================================================
Received Import Request.
  Time since last request: 0.000014 seconds.
  path: Assets/@Assets/RafaelMatos/ERW-Grass Land V1.5.1/Props/prefab/Campfire2-3.prefab
  artifactKey: Guid(5b9a555e01bc6b146b4828820d3215ea) Importer(815301076,1909f56bfc062723c751e8b465ee728b)
Start importing Assets/@Assets/RafaelMatos/ERW-Grass Land V1.5.1/Props/prefab/Campfire2-3.prefab using Guid(5b9a555e01bc6b146b4828820d3215ea) Importer(815301076,1909f56bfc062723c751e8b465ee728b)  -> (artifact id: 'a64197fd6963b63e7c5b029f18e5ae18') in 0.023367 seconds
Number of updated asset objects reloaded before import = 0
Number of asset objects unloaded after import = 19
========================================================================
Received Import Request.
  Time since last request: 0.000013 seconds.
  path: Assets/@Assets/RafaelMatos/ERW-Grass Land V1.5.1/Props/prefab/Campfire2-1.prefab
  artifactKey: Guid(f73b204752de9f64b851a72752627624) Importer(815301076,1909f56bfc062723c751e8b465ee728b)
Start importing Assets/@Assets/RafaelMatos/ERW-Grass Land V1.5.1/Props/prefab/Campfire2-1.prefab using Guid(f73b204752de9f64b851a72752627624) Importer(815301076,1909f56bfc062723c751e8b465ee728b)  -> (artifact id: '63a9a39582a1a10de457894ea0a7109f') in 0.021785 seconds
Number of updated asset objects reloaded before import = 0
Number of asset objects unloaded after import = 19
========================================================================
Received Import Request.
  Time since last request: 0.000015 seconds.
  path: Assets/@Assets/RafaelMatos/ERW-Grass Land V1.5.1/Props/animated/coin-DROP.png
  artifactKey: Guid(e5c0df722a14e0743a2a9b62ee272f5d) Importer(815301076,1909f56bfc062723c751e8b465ee728b)
Start importing Assets/@Assets/RafaelMatos/ERW-Grass Land V1.5.1/Props/animated/coin-DROP.png using Guid(e5c0df722a14e0743a2a9b62ee272f5d) Importer(815301076,1909f56bfc062723c751e8b465ee728b)  -> (artifact id: '6352228e8a973e47e8446fbaa5b6406f') in 0.040742 seconds
Number of updated asset objects reloaded before import = 0
Number of asset objects unloaded after import = 27
========================================================================
Received Import Request.
  Time since last request: 0.000022 seconds.
  path: Assets/@Assets/RafaelMatos/ERW-Grass Land V1.5.1/Props/animated/anvil-shine-anim.png
  artifactKey: Guid(fe96617d8b8f80e4284ca1558bbad4b8) Importer(815301076,1909f56bfc062723c751e8b465ee728b)
Start importing Assets/@Assets/RafaelMatos/ERW-Grass Land V1.5.1/Props/animated/anvil-shine-anim.png using Guid(fe96617d8b8f80e4284ca1558bbad4b8) Importer(815301076,1909f56bfc062723c751e8b465ee728b)  -> (artifact id: '2448d067953856c3fe064509c9c91ef0') in 0.018181 seconds
Number of updated asset objects reloaded before import = 0
Number of asset objects unloaded after import = 8
========================================================================
Received Import Request.
  Time since last request: 0.000018 seconds.
  path: Assets/@Assets/RafaelMatos/ERW-Grass Land V1.5.1/Props/prefab/ChestLevel3.prefab
  artifactKey: Guid(ed93bd0bf220e5b49a6da9ccdc61bac5) Importer(815301076,1909f56bfc062723c751e8b465ee728b)
Start importing Assets/@Assets/RafaelMatos/ERW-Grass Land V1.5.1/Props/prefab/ChestLevel3.prefab using Guid(ed93bd0bf220e5b49a6da9ccdc61bac5) Importer(815301076,1909f56bfc062723c751e8b465ee728b)  -> (artifact id: 'b43499cf46e6f129f9d9259b7de3e721') in 0.049528 seconds
Number of updated asset objects reloaded before import = 0
Number of asset objects unloaded after import = 55
========================================================================
Received Import Request.
  Time since last request: 0.093509 seconds.
  path: Assets/@Assets/RafaelMatos/ERW-Grass Land V1.5.1/Tilesets/Animated water tiles.png
  artifactKey: Guid(3055d0d0552777f40a60614ded1da366) Importer(815301076,1909f56bfc062723c751e8b465ee728b)
Start importing Assets/@Assets/RafaelMatos/ERW-Grass Land V1.5.1/Tilesets/Animated water tiles.png using Guid(3055d0d0552777f40a60614ded1da366) Importer(815301076,1909f56bfc062723c751e8b465ee728b)  -> (artifact id: '2329f9669f1681273bdcbda29502bca4') in 0.461907 seconds
Number of updated asset objects reloaded before import = 0
Number of asset objects unloaded after import = 383
========================================================================
Received Import Request.
  Time since last request: 0.000017 seconds.
  path: Assets/@Assets/RafaelMatos/ERW-Grass Land V1.5.1/Tilesets/dirt1 to grass2.png
  artifactKey: Guid(db365bdc895ba7642b308b0b114044cf) Importer(815301076,1909f56bfc062723c751e8b465ee728b)
Start importing Assets/@Assets/RafaelMatos/ERW-Grass Land V1.5.1/Tilesets/dirt1 to grass2.png using Guid(db365bdc895ba7642b308b0b114044cf) Importer(815301076,1909f56bfc062723c751e8b465ee728b)  -> (artifact id: '4f922c9aca9af532134366332748d2d3') in 0.037742 seconds
Number of updated asset objects reloaded before import = 0
Number of asset objects unloaded after import = 25
========================================================================
Received Import Request.
  Time since last request: 0.000020 seconds.
  path: Assets/@Assets/RafaelMatos/ERW-Grass Land V1.5.1/Tilesets/Animated water tiles-transp.png
  artifactKey: Guid(c28fb458a6975fc4fa03a1cd9cad9dda) Importer(815301076,1909f56bfc062723c751e8b465ee728b)
Start importing Assets/@Assets/RafaelMatos/ERW-Grass Land V1.5.1/Tilesets/Animated water tiles-transp.png using Guid(c28fb458a6975fc4fa03a1cd9cad9dda) Importer(815301076,1909f56bfc062723c751e8b465ee728b)  -> (artifact id: 'a7b2af7929a8defb5372a410bc0f42a3') in 0.420412 seconds
Number of updated asset objects reloaded before import = 0
Number of asset objects unloaded after import = 383
========================================================================
Received Import Request.
  Time since last request: 186.420921 seconds.
  path: Assets/@Scripts/UI/Scene
  artifactKey: Guid(278d7ba851c808f4b93166b52bb95c3a) Importer(815301076,1909f56bfc062723c751e8b465ee728b)
Start importing Assets/@Scripts/UI/Scene using Guid(278d7ba851c808f4b93166b52bb95c3a) Importer(815301076,1909f56bfc062723c751e8b465ee728b)  -> (artifact id: '2e1e28453c7604cb9feb8bd09dbaa4e7') in 0.000458 seconds
Number of updated asset objects reloaded before import = 0
Number of asset objects unloaded after import = 0
========================================================================
Received Import Request.
  Time since last request: 6.061494 seconds.
  path: Assets/@Scripts/UI/Popup
  artifactKey: Guid(295b5d637c10732428f98d34dd45cab3) Importer(815301076,1909f56bfc062723c751e8b465ee728b)
Start importing Assets/@Scripts/UI/Popup using Guid(295b5d637c10732428f98d34dd45cab3) Importer(815301076,1909f56bfc062723c751e8b465ee728b)  -> (artifact id: 'dd75e8c9068e83960f9f072aaf0a88b0') in 0.000426 seconds
Number of updated asset objects reloaded before import = 0
Number of asset objects unloaded after import = 0
========================================================================
Received Import Request.
  Time since last request: 4.893601 seconds.
  path: Assets/@Scripts/UI/SubItem
  artifactKey: Guid(1cbe25d8e1d3cda488bf42f1c3fcf31c) Importer(815301076,1909f56bfc062723c751e8b465ee728b)
Start importing Assets/@Scripts/UI/SubItem using Guid(1cbe25d8e1d3cda488bf42f1c3fcf31c) Importer(815301076,1909f56bfc062723c751e8b465ee728b)  -> (artifact id: '59bcf1ed0e2043f6923d963840e4c047') in 0.000441 seconds
Number of updated asset objects reloaded before import = 0
Number of asset objects unloaded after import = 0
========================================================================
Received Import Request.
  Time since last request: 17.767890 seconds.
  path: Assets/@Scripts/UI/UI_Base.cs
  artifactKey: Guid(91f615e5b1c182348b4a0f6149f8526e) Importer(815301076,1909f56bfc062723c751e8b465ee728b)
Start importing Assets/@Scripts/UI/UI_Base.cs using Guid(91f615e5b1c182348b4a0f6149f8526e) Importer(815301076,1909f56bfc062723c751e8b465ee728b)  -> (artifact id: 'd95d27911f66c419552a95a6e09de552') in 0.000535 seconds
Number of updated asset objects reloaded before import = 0
Number of asset objects unloaded after import = 0
========================================================================
Received Prepare
Begin MonoManager ReloadAssembly
- Loaded All Assemblies, in  0.559 seconds
Refreshing native plugins compatible for Editor in 10.78 ms, found 4 plugins.
Native extension for WindowsStandalone target not found
[Package Manager] Server::EnsureServerProcessIsRunning -- launch failed, reason: Unity was launched with the -noUpm command-line argument
[Package Manager] UpmClient::Send -- Unable to send message (not connected to UPM process).
[Package Manager] Cannot connect to Unity Package Manager local server
Mono: successfully reloaded assembly
[Package Manager] Server::EnsureServerProcessIsRunning -- launch failed, reason: Unity was launched with the -noUpm command-line argument
[Package Manager] UpmClient::Send -- Unable to send message (not connected to UPM process).
[Package Manager] Cannot connect to Unity Package Manager local server
- Finished resetting the current domain, in  1.244 seconds
Domain Reload Profiling: 1797ms
	BeginReloadAssembly (186ms)
		ExecutionOrderSort (0ms)
		DisableScriptedObjects (10ms)
		BackupInstance (0ms)
		ReleaseScriptingObjects (0ms)
		CreateAndSetChildDomain (42ms)
	RebuildCommonClasses (32ms)
	RebuildNativeTypeToScriptingClass (8ms)
	initialDomainReloadingComplete (34ms)
	LoadAllAssembliesAndSetupDomain (292ms)
		LoadAssemblies (371ms)
		RebuildTransferFunctionScriptingTraits (0ms)
		AnalyzeDomain (22ms)
			TypeCache.Refresh (7ms)
				TypeCache.ScanAssembly (0ms)
			ScanForSourceGeneratedMonoScriptInfo (8ms)
			ResolveRequiredComponents (6ms)
	FinalizeReload (1245ms)
		ReleaseScriptCaches (0ms)
		RebuildScriptCaches (0ms)
		SetupLoadedEditorAssemblies (520ms)
			LogAssemblyErrors (0ms)
			InitializePlatformSupportModulesInManaged (6ms)
			SetLoadedEditorAssemblies (6ms)
			RefreshPlugins (0ms)
			BeforeProcessingInitializeOnLoad (124ms)
			ProcessInitializeOnLoadAttributes (340ms)
			ProcessInitializeOnLoadMethodAttributes (33ms)
			AfterProcessingInitializeOnLoad (11ms)
			EditorAssembliesLoaded (0ms)
		ExecutionOrderSort2 (0ms)
		AwakeInstancesAfterBackupRestoration (21ms)
Refreshing native plugins compatible for Editor in 13.24 ms, found 4 plugins.
Preloading 0 native plugins for Editor in 0.00 ms.
Unloading 4904 Unused Serialized files (Serialized files now loaded: 0)
Unloading 49 unused Assets / (41.9 KB). Loaded Objects now: 5434.
Memory consumption went from 169.2 MB to 169.2 MB.
Total: 3.497800 ms (FindLiveObjects: 0.374200 ms CreateObjectMapping: 0.122300 ms MarkObjects: 2.936500 ms  DeleteObjects: 0.063900 ms)

Prepare: number of updated asset objects reloaded= 0
AssetImportParameters requested are different than current active one (requested -> active):
  custom:container-demuxer-ogg: 62fdf1f143b41e24485cea50d1cbac27 -> 
  custom:video-decoder-ogg-theora: a1e56fd34408186e4bbccfd4996cb3dc -> 
  custom:framework-win-MediaFoundation: 216162199b28c13a410421893ffa2e32 -> 
  custom:CustomObjectIndexerAttribute: 9a22284fe3817be447336de3de66b15e -> 
  custom:container-demuxer-webm: 4f35f7cbe854078d1ac9338744f61a02 -> 
  custom:container-muxer-webm: aa71ff27fc2769a1b78a27578f13a17b -> 
  custom:video-decoder-webm-vp8: 9c59270c3fd7afecdb556c50c9e8de78 -> 
  custom:SearchIndexIgnoredProperties: e643bd26f0fe6173181afceb89e7c659 -> 
  custom:AudioImporter_EditorPlatform: d09bf68614088b80899f8185d706f6e7 -> 
  custom:video-encoder-webm-vp8: eb34c28f22e8b96e1ab97ce403110664 -> 
  custom:audio-decoder-ogg-vorbis: bf7c407c2cedff20999df2af8eb42d56 -> 
  custom:audio-encoder-webm-vorbis: bf7c407c2cedff20999df2af8eb42d56 -> 
========================================================================
Received Import Request.
  Time since last request: 14.676489 seconds.
  path: Assets/@Scripts/UI/UI_EventHandler.cs
  artifactKey: Guid(3a0f9fe356baef640aab5461b13d3e91) Importer(815301076,1909f56bfc062723c751e8b465ee728b)
Start importing Assets/@Scripts/UI/UI_EventHandler.cs using Guid(3a0f9fe356baef640aab5461b13d3e91) Importer(815301076,1909f56bfc062723c751e8b465ee728b)  -> (artifact id: '896679d87a9b4c77d8461c676f1146ce') in 0.001941 seconds
Number of updated asset objects reloaded before import = 0
Number of asset objects unloaded after import = 0
========================================================================
Received Prepare
Begin MonoManager ReloadAssembly
- Loaded All Assemblies, in  0.551 seconds
Refreshing native plugins compatible for Editor in 12.92 ms, found 4 plugins.
Native extension for WindowsStandalone target not found
[Package Manager] Server::EnsureServerProcessIsRunning -- launch failed, reason: Unity was launched with the -noUpm command-line argument
[Package Manager] UpmClient::Send -- Unable to send message (not connected to UPM process).
[Package Manager] Cannot connect to Unity Package Manager local server
Mono: successfully reloaded assembly
[Package Manager] Server::EnsureServerProcessIsRunning -- launch failed, reason: Unity was launched with the -noUpm command-line argument
[Package Manager] UpmClient::Send -- Unable to send message (not connected to UPM process).
[Package Manager] Cannot connect to Unity Package Manager local server
- Finished resetting the current domain, in  1.321 seconds
Domain Reload Profiling: 1865ms
	BeginReloadAssembly (166ms)
		ExecutionOrderSort (0ms)
		DisableScriptedObjects (10ms)
		BackupInstance (0ms)
		ReleaseScriptingObjects (0ms)
		CreateAndSetChildDomain (38ms)
	RebuildCommonClasses (26ms)
	RebuildNativeTypeToScriptingClass (8ms)
	initialDomainReloadingComplete (30ms)
	LoadAllAssembliesAndSetupDomain (313ms)
		LoadAssemblies (374ms)
		RebuildTransferFunctionScriptingTraits (0ms)
		AnalyzeDomain (23ms)
			TypeCache.Refresh (8ms)
				TypeCache.ScanAssembly (0ms)
			ScanForSourceGeneratedMonoScriptInfo (8ms)
			ResolveRequiredComponents (6ms)
	FinalizeReload (1322ms)
		ReleaseScriptCaches (0ms)
		RebuildScriptCaches (0ms)
		SetupLoadedEditorAssemblies (526ms)
			LogAssemblyErrors (0ms)
			InitializePlatformSupportModulesInManaged (7ms)
			SetLoadedEditorAssemblies (5ms)
			RefreshPlugins (0ms)
			BeforeProcessingInitializeOnLoad (127ms)
			ProcessInitializeOnLoadAttributes (347ms)
			ProcessInitializeOnLoadMethodAttributes (31ms)
			AfterProcessingInitializeOnLoad (9ms)
			EditorAssembliesLoaded (0ms)
		ExecutionOrderSort2 (0ms)
		AwakeInstancesAfterBackupRestoration (17ms)
Refreshing native plugins compatible for Editor in 11.72 ms, found 4 plugins.
Preloading 0 native plugins for Editor in 0.00 ms.
Unloading 4905 Unused Serialized files (Serialized files now loaded: 0)
Unloading 49 unused Assets / (42.1 KB). Loaded Objects now: 5443.
Memory consumption went from 169.3 MB to 169.2 MB.
Total: 3.032100 ms (FindLiveObjects: 0.309700 ms CreateObjectMapping: 0.113100 ms MarkObjects: 2.526700 ms  DeleteObjects: 0.081800 ms)

Prepare: number of updated asset objects reloaded= 0
AssetImportParameters requested are different than current active one (requested -> active):
  custom:container-demuxer-ogg: 62fdf1f143b41e24485cea50d1cbac27 -> 
  custom:video-decoder-ogg-theora: a1e56fd34408186e4bbccfd4996cb3dc -> 
  custom:framework-win-MediaFoundation: 216162199b28c13a410421893ffa2e32 -> 
  custom:CustomObjectIndexerAttribute: 9a22284fe3817be447336de3de66b15e -> 
  custom:container-demuxer-webm: 4f35f7cbe854078d1ac9338744f61a02 -> 
  custom:container-muxer-webm: aa71ff27fc2769a1b78a27578f13a17b -> 
  custom:video-decoder-webm-vp8: 9c59270c3fd7afecdb556c50c9e8de78 -> 
  custom:SearchIndexIgnoredProperties: e643bd26f0fe6173181afceb89e7c659 -> 
  custom:AudioImporter_EditorPlatform: d09bf68614088b80899f8185d706f6e7 -> 
  custom:video-encoder-webm-vp8: eb34c28f22e8b96e1ab97ce403110664 -> 
  custom:audio-decoder-ogg-vorbis: bf7c407c2cedff20999df2af8eb42d56 -> 
  custom:audio-encoder-webm-vorbis: bf7c407c2cedff20999df2af8eb42d56 -> 
========================================================================
Received Import Request.
  Time since last request: 12.027894 seconds.
  path: Assets/@Scripts/UI/Popup/UI_Popup.cs
  artifactKey: Guid(4dca4282e6b062e4ab59b9620569d53e) Importer(815301076,1909f56bfc062723c751e8b465ee728b)
Start importing Assets/@Scripts/UI/Popup/UI_Popup.cs using Guid(4dca4282e6b062e4ab59b9620569d53e) Importer(815301076,1909f56bfc062723c751e8b465ee728b)  -> (artifact id: 'e8e484c85bd8a3a079823221b7991b90') in 0.002327 seconds
Number of updated asset objects reloaded before import = 0
Number of asset objects unloaded after import = 0
========================================================================
Received Prepare
Begin MonoManager ReloadAssembly
- Loaded All Assemblies, in  0.587 seconds
Refreshing native plugins compatible for Editor in 13.37 ms, found 4 plugins.
Native extension for WindowsStandalone target not found
[Package Manager] Server::EnsureServerProcessIsRunning -- launch failed, reason: Unity was launched with the -noUpm command-line argument
[Package Manager] UpmClient::Send -- Unable to send message (not connected to UPM process).
[Package Manager] Cannot connect to Unity Package Manager local server
Mono: successfully reloaded assembly
[Package Manager] Server::EnsureServerProcessIsRunning -- launch failed, reason: Unity was launched with the -noUpm command-line argument
[Package Manager] UpmClient::Send -- Unable to send message (not connected to UPM process).
[Package Manager] Cannot connect to Unity Package Manager local server
- Finished resetting the current domain, in  1.309 seconds
Domain Reload Profiling: 1888ms
	BeginReloadAssembly (170ms)
		ExecutionOrderSort (0ms)
		DisableScriptedObjects (10ms)
		BackupInstance (0ms)
		ReleaseScriptingObjects (0ms)
		CreateAndSetChildDomain (40ms)
	RebuildCommonClasses (28ms)
	RebuildNativeTypeToScriptingClass (8ms)
	initialDomainReloadingComplete (33ms)
	LoadAllAssembliesAndSetupDomain (340ms)
		LoadAssemblies (399ms)
		RebuildTransferFunctionScriptingTraits (0ms)
		AnalyzeDomain (28ms)
			TypeCache.Refresh (8ms)
				TypeCache.ScanAssembly (0ms)
			ScanForSourceGeneratedMonoScriptInfo (12ms)
			ResolveRequiredComponents (7ms)
	FinalizeReload (1309ms)
		ReleaseScriptCaches (0ms)
		RebuildScriptCaches (0ms)
		SetupLoadedEditorAssemblies (517ms)
			LogAssemblyErrors (0ms)
			InitializePlatformSupportModulesInManaged (6ms)
			SetLoadedEditorAssemblies (6ms)
			RefreshPlugins (0ms)
			BeforeProcessingInitializeOnLoad (123ms)
			ProcessInitializeOnLoadAttributes (342ms)
			ProcessInitializeOnLoadMethodAttributes (32ms)
			AfterProcessingInitializeOnLoad (8ms)
			EditorAssembliesLoaded (0ms)
		ExecutionOrderSort2 (0ms)
		AwakeInstancesAfterBackupRestoration (18ms)
Refreshing native plugins compatible for Editor in 11.39 ms, found 4 plugins.
Preloading 0 native plugins for Editor in 0.00 ms.
Unloading 4906 Unused Serialized files (Serialized files now loaded: 0)
Unloading 49 unused Assets / (41.9 KB). Loaded Objects now: 5452.
Memory consumption went from 169.3 MB to 169.2 MB.
Total: 3.333900 ms (FindLiveObjects: 0.327300 ms CreateObjectMapping: 0.130300 ms MarkObjects: 2.816900 ms  DeleteObjects: 0.058400 ms)

Prepare: number of updated asset objects reloaded= 0
AssetImportParameters requested are different than current active one (requested -> active):
  custom:container-demuxer-ogg: 62fdf1f143b41e24485cea50d1cbac27 -> 
  custom:video-decoder-ogg-theora: a1e56fd34408186e4bbccfd4996cb3dc -> 
  custom:framework-win-MediaFoundation: 216162199b28c13a410421893ffa2e32 -> 
  custom:CustomObjectIndexerAttribute: 9a22284fe3817be447336de3de66b15e -> 
  custom:container-demuxer-webm: 4f35f7cbe854078d1ac9338744f61a02 -> 
  custom:container-muxer-webm: aa71ff27fc2769a1b78a27578f13a17b -> 
  custom:video-decoder-webm-vp8: 9c59270c3fd7afecdb556c50c9e8de78 -> 
  custom:SearchIndexIgnoredProperties: e643bd26f0fe6173181afceb89e7c659 -> 
  custom:AudioImporter_EditorPlatform: d09bf68614088b80899f8185d706f6e7 -> 
  custom:video-encoder-webm-vp8: eb34c28f22e8b96e1ab97ce403110664 -> 
  custom:audio-decoder-ogg-vorbis: bf7c407c2cedff20999df2af8eb42d56 -> 
  custom:audio-encoder-webm-vorbis: bf7c407c2cedff20999df2af8eb42d56 -> 
========================================================================
Received Import Request.
  Time since last request: 11.179935 seconds.
  path: Assets/@Scripts/UI/Scene/UI_Scene.cs
  artifactKey: Guid(13d1ef5cec1784241a0af3c0b75304fc) Importer(815301076,1909f56bfc062723c751e8b465ee728b)
Start importing Assets/@Scripts/UI/Scene/UI_Scene.cs using Guid(13d1ef5cec1784241a0af3c0b75304fc) Importer(815301076,1909f56bfc062723c751e8b465ee728b)  -> (artifact id: 'd70f9e32ff19abc28274a969e679301f') in 0.002463 seconds
Number of updated asset objects reloaded before import = 0
Number of asset objects unloaded after import = 0
========================================================================
Received Prepare
Begin MonoManager ReloadAssembly
- Loaded All Assemblies, in  0.549 seconds
Refreshing native plugins compatible for Editor in 12.15 ms, found 4 plugins.
Native extension for WindowsStandalone target not found
[Package Manager] Server::EnsureServerProcessIsRunning -- launch failed, reason: Unity was launched with the -noUpm command-line argument
[Package Manager] UpmClient::Send -- Unable to send message (not connected to UPM process).
[Package Manager] Cannot connect to Unity Package Manager local server
Mono: successfully reloaded assembly
[Package Manager] Server::EnsureServerProcessIsRunning -- launch failed, reason: Unity was launched with the -noUpm command-line argument
[Package Manager] UpmClient::Send -- Unable to send message (not connected to UPM process).
[Package Manager] Cannot connect to Unity Package Manager local server
- Finished resetting the current domain, in  1.373 seconds
Domain Reload Profiling: 1915ms
	BeginReloadAssembly (166ms)
		ExecutionOrderSort (0ms)
		DisableScriptedObjects (10ms)
		BackupInstance (0ms)
		ReleaseScriptingObjects (0ms)
		CreateAndSetChildDomain (36ms)
	RebuildCommonClasses (26ms)
	RebuildNativeTypeToScriptingClass (8ms)
	initialDomainReloadingComplete (31ms)
	LoadAllAssembliesAndSetupDomain (310ms)
		LoadAssemblies (373ms)
		RebuildTransferFunctionScriptingTraits (0ms)
		AnalyzeDomain (26ms)
			TypeCache.Refresh (9ms)
				TypeCache.ScanAssembly (0ms)
			ScanForSourceGeneratedMonoScriptInfo (8ms)
			ResolveRequiredComponents (7ms)
	FinalizeReload (1374ms)
		ReleaseScriptCaches (0ms)
		RebuildScriptCaches (0ms)
		SetupLoadedEditorAssemblies (536ms)
			LogAssemblyErrors (0ms)
			InitializePlatformSupportModulesInManaged (7ms)
			SetLoadedEditorAssemblies (5ms)
			RefreshPlugins (0ms)
			BeforeProcessingInitializeOnLoad (128ms)
			ProcessInitializeOnLoadAttributes (354ms)
			ProcessInitializeOnLoadMethodAttributes (33ms)
			AfterProcessingInitializeOnLoad (10ms)
			EditorAssembliesLoaded (0ms)
		ExecutionOrderSort2 (0ms)
		AwakeInstancesAfterBackupRestoration (19ms)
Refreshing native plugins compatible for Editor in 11.40 ms, found 4 plugins.
Preloading 0 native plugins for Editor in 0.00 ms.
Unloading 4907 Unused Serialized files (Serialized files now loaded: 0)
Unloading 49 unused Assets / (43.1 KB). Loaded Objects now: 5461.
Memory consumption went from 169.3 MB to 169.3 MB.
Total: 3.071800 ms (FindLiveObjects: 0.344400 ms CreateObjectMapping: 0.115700 ms MarkObjects: 2.553700 ms  DeleteObjects: 0.057100 ms)

Prepare: number of updated asset objects reloaded= 0
AssetImportParameters requested are different than current active one (requested -> active):
  custom:container-demuxer-ogg: 62fdf1f143b41e24485cea50d1cbac27 -> 
  custom:video-decoder-ogg-theora: a1e56fd34408186e4bbccfd4996cb3dc -> 
  custom:framework-win-MediaFoundation: 216162199b28c13a410421893ffa2e32 -> 
  custom:CustomObjectIndexerAttribute: 9a22284fe3817be447336de3de66b15e -> 
  custom:container-demuxer-webm: 4f35f7cbe854078d1ac9338744f61a02 -> 
  custom:container-muxer-webm: aa71ff27fc2769a1b78a27578f13a17b -> 
  custom:video-decoder-webm-vp8: 9c59270c3fd7afecdb556c50c9e8de78 -> 
  custom:SearchIndexIgnoredProperties: e643bd26f0fe6173181afceb89e7c659 -> 
  custom:AudioImporter_EditorPlatform: d09bf68614088b80899f8185d706f6e7 -> 
  custom:video-encoder-webm-vp8: eb34c28f22e8b96e1ab97ce403110664 -> 
  custom:audio-decoder-ogg-vorbis: bf7c407c2cedff20999df2af8eb42d56 -> 
  custom:audio-encoder-webm-vorbis: bf7c407c2cedff20999df2af8eb42d56 -> 
========================================================================
Received Import Request.
  Time since last request: 25.621524 seconds.
  path: Assets/@Scripts/UI/Scene/UI_TitleScene.cs
  artifactKey: Guid(bbeef6e25d0d0d447a5df282038c3b15) Importer(815301076,1909f56bfc062723c751e8b465ee728b)
Start importing Assets/@Scripts/UI/Scene/UI_TitleScene.cs using Guid(bbeef6e25d0d0d447a5df282038c3b15) Importer(815301076,1909f56bfc062723c751e8b465ee728b)  -> (artifact id: '805941a37ba713a39b24e376b9c5d0e3') in 0.002201 seconds
Number of updated asset objects reloaded before import = 0
Number of asset objects unloaded after import = 0
========================================================================
Received Prepare
Begin MonoManager ReloadAssembly
- Loaded All Assemblies, in  0.527 seconds
Refreshing native plugins compatible for Editor in 11.73 ms, found 4 plugins.
Native extension for WindowsStandalone target not found
[Package Manager] Server::EnsureServerProcessIsRunning -- launch failed, reason: Unity was launched with the -noUpm command-line argument
[Package Manager] UpmClient::Send -- Unable to send message (not connected to UPM process).
[Package Manager] Cannot connect to Unity Package Manager local server
Mono: successfully reloaded assembly
[Package Manager] Server::EnsureServerProcessIsRunning -- launch failed, reason: Unity was launched with the -noUpm command-line argument
[Package Manager] UpmClient::Send -- Unable to send message (not connected to UPM process).
[Package Manager] Cannot connect to Unity Package Manager local server
- Finished resetting the current domain, in  1.379 seconds
Domain Reload Profiling: 1899ms
	BeginReloadAssembly (160ms)
		ExecutionOrderSort (0ms)
		DisableScriptedObjects (9ms)
		BackupInstance (0ms)
		ReleaseScriptingObjects (0ms)
		CreateAndSetChildDomain (37ms)
	RebuildCommonClasses (26ms)
	RebuildNativeTypeToScriptingClass (8ms)
	initialDomainReloadingComplete (31ms)
	LoadAllAssembliesAndSetupDomain (295ms)
		LoadAssemblies (350ms)
		RebuildTransferFunctionScriptingTraits (0ms)
		AnalyzeDomain (23ms)
			TypeCache.Refresh (9ms)
				TypeCache.ScanAssembly (0ms)
			ScanForSourceGeneratedMonoScriptInfo (8ms)
			ResolveRequiredComponents (5ms)
	FinalizeReload (1379ms)
		ReleaseScriptCaches (0ms)
		RebuildScriptCaches (0ms)
		SetupLoadedEditorAssemblies (535ms)
			LogAssemblyErrors (0ms)
			InitializePlatformSupportModulesInManaged (6ms)
			SetLoadedEditorAssemblies (7ms)
			RefreshPlugins (0ms)
			BeforeProcessingInitializeOnLoad (135ms)
			ProcessInitializeOnLoadAttributes (345ms)
			ProcessInitializeOnLoadMethodAttributes (32ms)
			AfterProcessingInitializeOnLoad (10ms)
			EditorAssembliesLoaded (0ms)
		ExecutionOrderSort2 (0ms)
		AwakeInstancesAfterBackupRestoration (18ms)
Refreshing native plugins compatible for Editor in 10.56 ms, found 4 plugins.
Preloading 0 native plugins for Editor in 0.00 ms.
Unloading 4908 Unused Serialized files (Serialized files now loaded: 0)
Unloading 49 unused Assets / (43.0 KB). Loaded Objects now: 5470.
Memory consumption went from 169.3 MB to 169.3 MB.
Total: 3.928700 ms (FindLiveObjects: 0.535600 ms CreateObjectMapping: 0.147900 ms MarkObjects: 3.184600 ms  DeleteObjects: 0.059700 ms)

Prepare: number of updated asset objects reloaded= 0
AssetImportParameters requested are different than current active one (requested -> active):
  custom:container-demuxer-ogg: 62fdf1f143b41e24485cea50d1cbac27 -> 
  custom:video-decoder-ogg-theora: a1e56fd34408186e4bbccfd4996cb3dc -> 
  custom:framework-win-MediaFoundation: 216162199b28c13a410421893ffa2e32 -> 
  custom:CustomObjectIndexerAttribute: 9a22284fe3817be447336de3de66b15e -> 
  custom:container-demuxer-webm: 4f35f7cbe854078d1ac9338744f61a02 -> 
  custom:container-muxer-webm: aa71ff27fc2769a1b78a27578f13a17b -> 
  custom:video-decoder-webm-vp8: 9c59270c3fd7afecdb556c50c9e8de78 -> 
  custom:SearchIndexIgnoredProperties: e643bd26f0fe6173181afceb89e7c659 -> 
  custom:AudioImporter_EditorPlatform: d09bf68614088b80899f8185d706f6e7 -> 
  custom:video-encoder-webm-vp8: eb34c28f22e8b96e1ab97ce403110664 -> 
  custom:audio-decoder-ogg-vorbis: bf7c407c2cedff20999df2af8eb42d56 -> 
  custom:audio-encoder-webm-vorbis: bf7c407c2cedff20999df2af8eb42d56 -> 
========================================================================
Received Import Request.
  Time since last request: 17.786576 seconds.
  path: Assets/@Scripts/UI/UI_Base.cs
  artifactKey: Guid(91f615e5b1c182348b4a0f6149f8526e) Importer(815301076,1909f56bfc062723c751e8b465ee728b)
Start importing Assets/@Scripts/UI/UI_Base.cs using Guid(91f615e5b1c182348b4a0f6149f8526e) Importer(815301076,1909f56bfc062723c751e8b465ee728b)  -> (artifact id: '21ec45b3f7854f01d940b75897060c1b') in 0.002071 seconds
Number of updated asset objects reloaded before import = 0
Number of asset objects unloaded after import = 0
========================================================================
Received Import Request.
  Time since last request: 29.300661 seconds.
  path: Assets/@Scripts/UI/UI_Base.cs
  artifactKey: Guid(91f615e5b1c182348b4a0f6149f8526e) Importer(815301076,1909f56bfc062723c751e8b465ee728b)
Start importing Assets/@Scripts/UI/UI_Base.cs using Guid(91f615e5b1c182348b4a0f6149f8526e) Importer(815301076,1909f56bfc062723c751e8b465ee728b)  -> (artifact id: 'd6baea8c693a9866067df89c2bc6e6f4') in 0.000621 seconds
Number of updated asset objects reloaded before import = 0
Number of asset objects unloaded after import = 0
