Using pre-set license
Built from '2022.3/staging' branch; Version is '2022.3.26f1 (ec6cd8118806) revision 15494360'; Using compiler version '192829333'; Build Type 'Release'
OS: 'Windows 11  (10.0.22631) 64bit Core' Language: 'ko' Physical Memory: 16309 MB
BatchMode: 1, IsHumanControllingUs: 0, StartBugReporterOnCrash: 0, Is64bit: 1, IsPro: 1

COMMAND LINE ARGUMENTS:
C:\Program Files\Unity 2022.3.26f1\Editor\Unity.exe
-adb2
-batchMode
-noUpm
-name
AssetImportWorker5
-projectPath
C:/Users/김영상/Desktop/ProjectF/ProjectF
-logFile
Logs/AssetImportWorker5.log
-srvPort
56280
Successfully changed project path to: C:/Users/김영상/Desktop/ProjectF/ProjectF
C:/Users/김영상/Desktop/ProjectF/ProjectF
[UnityMemory] Configuration Parameters - Can be set up in boot.config
    "memorysetup-bucket-allocator-granularity=16"
    "memorysetup-bucket-allocator-bucket-count=8"
    "memorysetup-bucket-allocator-block-size=33554432"
    "memorysetup-bucket-allocator-block-count=8"
    "memorysetup-main-allocator-block-size=16777216"
    "memorysetup-thread-allocator-block-size=16777216"
    "memorysetup-gfx-main-allocator-block-size=16777216"
    "memorysetup-gfx-thread-allocator-block-size=16777216"
    "memorysetup-cache-allocator-block-size=4194304"
    "memorysetup-typetree-allocator-block-size=2097152"
    "memorysetup-profiler-bucket-allocator-granularity=16"
    "memorysetup-profiler-bucket-allocator-bucket-count=8"
    "memorysetup-profiler-bucket-allocator-block-size=33554432"
    "memorysetup-profiler-bucket-allocator-block-count=8"
    "memorysetup-profiler-allocator-block-size=16777216"
    "memorysetup-profiler-editor-allocator-block-size=1048576"
    "memorysetup-temp-allocator-size-main=16777216"
    "memorysetup-job-temp-allocator-block-size=2097152"
    "memorysetup-job-temp-allocator-block-size-background=1048576"
    "memorysetup-job-temp-allocator-reduction-small-platforms=262144"
    "memorysetup-allocator-temp-initial-block-size-main=262144"
    "memorysetup-allocator-temp-initial-block-size-worker=262144"
    "memorysetup-temp-allocator-size-background-worker=32768"
    "memorysetup-temp-allocator-size-job-worker=262144"
    "memorysetup-temp-allocator-size-preload-manager=33554432"
    "memorysetup-temp-allocator-size-nav-mesh-worker=65536"
    "memorysetup-temp-allocator-size-audio-worker=65536"
    "memorysetup-temp-allocator-size-cloud-worker=32768"
    "memorysetup-temp-allocator-size-gi-baking-worker=262144"
    "memorysetup-temp-allocator-size-gfx=262144"
Player connection [43416] Host "[IP] 180.233.236.164 [Port] 0 [Flags] 2 [Guid] 1175293562 [EditorId] 1175293562 [Version] 1048832 [Id] WindowsEditor(7,DESKTOP-CCU0VGS) [Debug] 1 [PackageName] WindowsEditor [ProjectName] Editor" joined multi-casting on [225.0.0.222:54997]...

Player connection [43416] Host "[IP] 180.233.236.164 [Port] 0 [Flags] 2 [Guid] 1175293562 [EditorId] 1175293562 [Version] 1048832 [Id] WindowsEditor(7,DESKTOP-CCU0VGS) [Debug] 1 [PackageName] WindowsEditor [ProjectName] Editor" joined alternative multi-casting on [225.0.0.222:34997]...

[Physics::Module] Initialized MultithreadedJobDispatcher with 23 workers.
Refreshing native plugins compatible for Editor in 39.58 ms, found 4 plugins.
Preloading 0 native plugins for Editor in 0.00 ms.
Initialize engine version: 2022.3.26f1 (ec6cd8118806)
[Subsystems] Discovering subsystems at path C:/Program Files/Unity 2022.3.26f1/Editor/Data/Resources/UnitySubsystems
[Subsystems] Discovering subsystems at path C:/Users/김영상/Desktop/ProjectF/ProjectF/Assets
GfxDevice: creating device client; threaded=0; jobified=0
Direct3D:
    Version:  Direct3D 11.0 [level 11.1]
    Renderer: NVIDIA GeForce RTX 3060 (ID=0x2487)
    Vendor:   NVIDIA
    VRAM:     12110 MB
    Driver:   32.0.15.6094
Initialize mono
Mono path[0] = 'C:/Program Files/Unity 2022.3.26f1/Editor/Data/Managed'
Mono path[1] = 'C:/Program Files/Unity 2022.3.26f1/Editor/Data/MonoBleedingEdge/lib/mono/unityjit-win32'
Mono config path = 'C:/Program Files/Unity 2022.3.26f1/Editor/Data/MonoBleedingEdge/etc'
Using monoOptions --debugger-agent=transport=dt_socket,embedding=1,server=y,suspend=n,address=127.0.0.1:56780
Begin MonoManager ReloadAssembly
Registering precompiled unity dll's ...
Register platform support module: C:/Program Files/Unity 2022.3.26f1/Editor/Data/PlaybackEngines/WindowsStandaloneSupport/UnityEditor.WindowsStandalone.Extensions.dll
Registered in 0.013415 seconds.
- Loaded All Assemblies, in  0.397 seconds
Native extension for WindowsStandalone target not found
Mono: successfully reloaded assembly
- Finished resetting the current domain, in  0.280 seconds
Domain Reload Profiling: 672ms
	BeginReloadAssembly (153ms)
		ExecutionOrderSort (0ms)
		DisableScriptedObjects (0ms)
		BackupInstance (0ms)
		ReleaseScriptingObjects (0ms)
		CreateAndSetChildDomain (1ms)
	RebuildCommonClasses (32ms)
	RebuildNativeTypeToScriptingClass (9ms)
	initialDomainReloadingComplete (70ms)
	LoadAllAssembliesAndSetupDomain (127ms)
		LoadAssemblies (148ms)
		RebuildTransferFunctionScriptingTraits (0ms)
		AnalyzeDomain (125ms)
			TypeCache.Refresh (123ms)
				TypeCache.ScanAssembly (107ms)
			ScanForSourceGeneratedMonoScriptInfo (0ms)
			ResolveRequiredComponents (0ms)
	FinalizeReload (281ms)
		ReleaseScriptCaches (0ms)
		RebuildScriptCaches (0ms)
		SetupLoadedEditorAssemblies (222ms)
			LogAssemblyErrors (0ms)
			InitializePlatformSupportModulesInManaged (13ms)
			SetLoadedEditorAssemblies (8ms)
			RefreshPlugins (0ms)
			BeforeProcessingInitializeOnLoad (3ms)
			ProcessInitializeOnLoadAttributes (141ms)
			ProcessInitializeOnLoadMethodAttributes (57ms)
			AfterProcessingInitializeOnLoad (0ms)
			EditorAssembliesLoaded (0ms)
		ExecutionOrderSort2 (0ms)
		AwakeInstancesAfterBackupRestoration (0ms)
========================================================================
Worker process is ready to serve import requests
Begin MonoManager ReloadAssembly
Symbol file LoadedFromMemory is not a mono symbol file
- Loaded All Assemblies, in  1.177 seconds
Refreshing native plugins compatible for Editor in 23.41 ms, found 4 plugins.
Native extension for WindowsStandalone target not found
Package Manager log level set to [2]
[Package Manager] Server::EnsureServerProcessIsRunning -- launch failed, reason: Unity was launched with the -noUpm command-line argument
[Package Manager] UpmClient::Send -- Unable to send message (not connected to UPM process).
[Package Manager] Cannot connect to Unity Package Manager local server
Mono: successfully reloaded assembly
[Package Manager] Server::EnsureServerProcessIsRunning -- launch failed, reason: Unity was launched with the -noUpm command-line argument
[Package Manager] UpmClient::Send -- Unable to send message (not connected to UPM process).
[Package Manager] Cannot connect to Unity Package Manager local server
[Package Manager] Server::EnsureServerProcessIsRunning -- launch failed, reason: Unity was launched with the -noUpm command-line argument
[Package Manager] UpmClient::Send -- Unable to send message (not connected to UPM process).
[Package Manager] Cannot connect to Unity Package Manager local server
- Finished resetting the current domain, in  0.969 seconds
Domain Reload Profiling: 2130ms
	BeginReloadAssembly (199ms)
		ExecutionOrderSort (0ms)
		DisableScriptedObjects (5ms)
		BackupInstance (0ms)
		ReleaseScriptingObjects (0ms)
		CreateAndSetChildDomain (23ms)
	RebuildCommonClasses (33ms)
	RebuildNativeTypeToScriptingClass (9ms)
	initialDomainReloadingComplete (66ms)
	LoadAllAssembliesAndSetupDomain (853ms)
		LoadAssemblies (784ms)
		RebuildTransferFunctionScriptingTraits (0ms)
		AnalyzeDomain (204ms)
			TypeCache.Refresh (171ms)
				TypeCache.ScanAssembly (151ms)
			ScanForSourceGeneratedMonoScriptInfo (25ms)
			ResolveRequiredComponents (6ms)
	FinalizeReload (969ms)
		ReleaseScriptCaches (0ms)
		RebuildScriptCaches (0ms)
		SetupLoadedEditorAssemblies (791ms)
			LogAssemblyErrors (0ms)
			InitializePlatformSupportModulesInManaged (10ms)
			SetLoadedEditorAssemblies (7ms)
			RefreshPlugins (0ms)
			BeforeProcessingInitializeOnLoad (172ms)
			ProcessInitializeOnLoadAttributes (540ms)
			ProcessInitializeOnLoadMethodAttributes (42ms)
			AfterProcessingInitializeOnLoad (21ms)
			EditorAssembliesLoaded (0ms)
		ExecutionOrderSort2 (0ms)
		AwakeInstancesAfterBackupRestoration (18ms)
Launched and connected shader compiler UnityShaderCompiler.exe after 0.07 seconds
Refreshing native plugins compatible for Editor in 30.71 ms, found 4 plugins.
Preloading 0 native plugins for Editor in 0.00 ms.
Unloading 4956 Unused Serialized files (Serialized files now loaded: 0)
Unloading 80 unused Assets / (69.5 KB). Loaded Objects now: 5410.
Memory consumption went from 176.8 MB to 176.7 MB.
Total: 4.446000 ms (FindLiveObjects: 0.401000 ms CreateObjectMapping: 0.286300 ms MarkObjects: 3.624200 ms  DeleteObjects: 0.133800 ms)

AssetImportParameters requested are different than current active one (requested -> active):
  custom:container-demuxer-ogg: 62fdf1f143b41e24485cea50d1cbac27 -> 
  custom:video-decoder-ogg-theora: a1e56fd34408186e4bbccfd4996cb3dc -> 
  custom:framework-win-MediaFoundation: 216162199b28c13a410421893ffa2e32 -> 
  custom:CustomObjectIndexerAttribute: 9a22284fe3817be447336de3de66b15e -> 
  custom:container-demuxer-webm: 4f35f7cbe854078d1ac9338744f61a02 -> 
  custom:container-muxer-webm: aa71ff27fc2769a1b78a27578f13a17b -> 
  custom:video-decoder-webm-vp8: 9c59270c3fd7afecdb556c50c9e8de78 -> 
  custom:SearchIndexIgnoredProperties: e643bd26f0fe6173181afceb89e7c659 -> 
  custom:AudioImporter_EditorPlatform: d09bf68614088b80899f8185d706f6e7 -> 
  custom:video-encoder-webm-vp8: eb34c28f22e8b96e1ab97ce403110664 -> 
  custom:audio-decoder-ogg-vorbis: bf7c407c2cedff20999df2af8eb42d56 -> 
  custom:scripting/monoscript/fileName/DataManager.cs: 61db2d393fc7239b798b145815a7b211 -> 8248ca36f455461933c3e0ca635b8826
  custom:audio-encoder-webm-vorbis: bf7c407c2cedff20999df2af8eb42d56 -> 
========================================================================
Received Import Request.
  Time since last request: 14196.883972 seconds.
  path: Assets/@Assets/RafaelMatos/ERW-Grass Land V1.5.1/Tilesets/terrain palette/dirt1 to grass1/dirt1 to grass1_5.asset
  artifactKey: Guid(eb82760d7457935499ba341aa53c431c) Importer(815301076,1909f56bfc062723c751e8b465ee728b)
Start importing Assets/@Assets/RafaelMatos/ERW-Grass Land V1.5.1/Tilesets/terrain palette/dirt1 to grass1/dirt1 to grass1_5.asset using Guid(eb82760d7457935499ba341aa53c431c) Importer(815301076,1909f56bfc062723c751e8b465ee728b)  -> (artifact id: '86dad42d11d6bf5d51bacefe615fa095') in 0.049212 seconds
Number of updated asset objects reloaded before import = 0
Number of asset objects unloaded after import = 3
========================================================================
Received Import Request.
  Time since last request: 0.000022 seconds.
  path: Assets/@Assets/RafaelMatos/ERW-Grass Land V1.5.1/Tilesets/terrain palette/dirt1 to grass1/dirt1 to grass1_17.asset
  artifactKey: Guid(61cc66956e7e6ed4197ccd82c9ae0f0c) Importer(815301076,1909f56bfc062723c751e8b465ee728b)
Start importing Assets/@Assets/RafaelMatos/ERW-Grass Land V1.5.1/Tilesets/terrain palette/dirt1 to grass1/dirt1 to grass1_17.asset using Guid(61cc66956e7e6ed4197ccd82c9ae0f0c) Importer(815301076,1909f56bfc062723c751e8b465ee728b)  -> (artifact id: 'fc397fbb93e259ef649756db9d5b9b2a') in 0.006500 seconds
Number of updated asset objects reloaded before import = 0
Number of asset objects unloaded after import = 3
========================================================================
Received Import Request.
  Time since last request: 0.658597 seconds.
  path: Assets/@Assets/RafaelMatos/ERW-Grass Land V1.5.1/Tilesets/terrain palette/dirt1 to grass2/dirt1 to grass2_5.asset
  artifactKey: Guid(8fe3f749405a56f49a8f3c2265a00d3a) Importer(815301076,1909f56bfc062723c751e8b465ee728b)
Start importing Assets/@Assets/RafaelMatos/ERW-Grass Land V1.5.1/Tilesets/terrain palette/dirt1 to grass2/dirt1 to grass2_5.asset using Guid(8fe3f749405a56f49a8f3c2265a00d3a) Importer(815301076,1909f56bfc062723c751e8b465ee728b)  -> (artifact id: '642e6d180d74a9c89ca22f4c140a0fd7') in 0.012428 seconds
Number of updated asset objects reloaded before import = 0
Number of asset objects unloaded after import = 3
========================================================================
Received Import Request.
  Time since last request: 0.000016 seconds.
  path: Assets/@Assets/RafaelMatos/ERW-Grass Land V1.5.1/Tilesets/terrain palette/dirt1 to grass2/dirt1 to grass2_12.asset
  artifactKey: Guid(ff06cf59ab1a6b44984d60074ce7ffd7) Importer(815301076,1909f56bfc062723c751e8b465ee728b)
Start importing Assets/@Assets/RafaelMatos/ERW-Grass Land V1.5.1/Tilesets/terrain palette/dirt1 to grass2/dirt1 to grass2_12.asset using Guid(ff06cf59ab1a6b44984d60074ce7ffd7) Importer(815301076,1909f56bfc062723c751e8b465ee728b)  -> (artifact id: 'b8d97618f3ed4d6b9b06e7871da19bee') in 0.007866 seconds
Number of updated asset objects reloaded before import = 0
Number of asset objects unloaded after import = 3
========================================================================
Received Import Request.
  Time since last request: 0.000014 seconds.
  path: Assets/@Assets/RafaelMatos/ERW-Grass Land V1.5.1/Tilesets/terrain palette/dirt1 to grass2/dirt1 to grass2_17.asset
  artifactKey: Guid(ba08b2c91ab3ddc4aae5e503371c8cbd) Importer(815301076,1909f56bfc062723c751e8b465ee728b)
Start importing Assets/@Assets/RafaelMatos/ERW-Grass Land V1.5.1/Tilesets/terrain palette/dirt1 to grass2/dirt1 to grass2_17.asset using Guid(ba08b2c91ab3ddc4aae5e503371c8cbd) Importer(815301076,1909f56bfc062723c751e8b465ee728b)  -> (artifact id: 'b6a01069f15db251eaa1f8aebeda8382') in 0.008089 seconds
Number of updated asset objects reloaded before import = 0
Number of asset objects unloaded after import = 3
========================================================================
Received Import Request.
  Time since last request: 0.000017 seconds.
  path: Assets/@Assets/RafaelMatos/ERW-Grass Land V1.5.1/Tilesets/terrain palette/dirt1 to grass2/dirt1 to grass2_21.asset
  artifactKey: Guid(13676316185bf7e4b841a044dd683187) Importer(815301076,1909f56bfc062723c751e8b465ee728b)
Start importing Assets/@Assets/RafaelMatos/ERW-Grass Land V1.5.1/Tilesets/terrain palette/dirt1 to grass2/dirt1 to grass2_21.asset using Guid(13676316185bf7e4b841a044dd683187) Importer(815301076,1909f56bfc062723c751e8b465ee728b)  -> (artifact id: 'e57903f6d3c32f2f91e74c1a8e765fbc') in 0.012578 seconds
Number of updated asset objects reloaded before import = 0
Number of asset objects unloaded after import = 3
========================================================================
Received Import Request.
  Time since last request: 1.097476 seconds.
  path: Assets/@Assets/RafaelMatos/ERW-Grass Land V1.5.1/Tilesets/terrain palette/dirt2 to dirt1/dirt2 to dirt1_5.asset
  artifactKey: Guid(e1b08438d7b0748499147f456a4c2028) Importer(815301076,1909f56bfc062723c751e8b465ee728b)
Start importing Assets/@Assets/RafaelMatos/ERW-Grass Land V1.5.1/Tilesets/terrain palette/dirt2 to dirt1/dirt2 to dirt1_5.asset using Guid(e1b08438d7b0748499147f456a4c2028) Importer(815301076,1909f56bfc062723c751e8b465ee728b)  -> (artifact id: '6b9b3d9aa9d53819a98c1d68ad8c1d1f') in 0.010220 seconds
Number of updated asset objects reloaded before import = 0
Number of asset objects unloaded after import = 3
========================================================================
Received Import Request.
  Time since last request: 0.000015 seconds.
  path: Assets/@Assets/RafaelMatos/ERW-Grass Land V1.5.1/Tilesets/terrain palette/dirt2 to dirt1/dirt2 to dirt1_17.asset
  artifactKey: Guid(a6b08f2f6d3b9194aa16b6b7dbce0efe) Importer(815301076,1909f56bfc062723c751e8b465ee728b)
Start importing Assets/@Assets/RafaelMatos/ERW-Grass Land V1.5.1/Tilesets/terrain palette/dirt2 to dirt1/dirt2 to dirt1_17.asset using Guid(a6b08f2f6d3b9194aa16b6b7dbce0efe) Importer(815301076,1909f56bfc062723c751e8b465ee728b)  -> (artifact id: '7718e4a3fd204ddea7f315e1ed10156c') in 0.008290 seconds
Number of updated asset objects reloaded before import = 0
Number of asset objects unloaded after import = 3
========================================================================
Received Import Request.
  Time since last request: 0.000013 seconds.
  path: Assets/@Assets/RafaelMatos/ERW-Grass Land V1.5.1/Tilesets/terrain palette/dirt2 to dirt1/dirt2 to dirt1_16.asset
  artifactKey: Guid(cb89557e7c547d345a2136c131368193) Importer(815301076,1909f56bfc062723c751e8b465ee728b)
Start importing Assets/@Assets/RafaelMatos/ERW-Grass Land V1.5.1/Tilesets/terrain palette/dirt2 to dirt1/dirt2 to dirt1_16.asset using Guid(cb89557e7c547d345a2136c131368193) Importer(815301076,1909f56bfc062723c751e8b465ee728b)  -> (artifact id: 'd5eb2d632ad3a3747ef02dde4a3268b7') in 0.010157 seconds
Number of updated asset objects reloaded before import = 0
Number of asset objects unloaded after import = 3
========================================================================
Received Import Request.
  Time since last request: 0.000013 seconds.
  path: Assets/@Assets/RafaelMatos/ERW-Grass Land V1.5.1/Tilesets/terrain palette/dirt2 to dirt1/dirt2 to dirt1_11.asset
  artifactKey: Guid(9930fc9d487b04a4dbdb1448d3dae2c6) Importer(815301076,1909f56bfc062723c751e8b465ee728b)
Start importing Assets/@Assets/RafaelMatos/ERW-Grass Land V1.5.1/Tilesets/terrain palette/dirt2 to dirt1/dirt2 to dirt1_11.asset using Guid(9930fc9d487b04a4dbdb1448d3dae2c6) Importer(815301076,1909f56bfc062723c751e8b465ee728b)  -> (artifact id: 'bc5b0c6c0d8d8b09550a64fe0dcacf3d') in 0.008923 seconds
Number of updated asset objects reloaded before import = 0
Number of asset objects unloaded after import = 3
========================================================================
Received Import Request.
  Time since last request: 20.660443 seconds.
  path: Assets/@Assets/RafaelMatos/ERW-Grass Land V1.5.1/Tilesets/terrain palette/cliff-premade corners/tileset-cliff-premade corners_5.asset
  artifactKey: Guid(d1237e24ac3830d49ad3058c2f0e2ad5) Importer(815301076,1909f56bfc062723c751e8b465ee728b)
Start importing Assets/@Assets/RafaelMatos/ERW-Grass Land V1.5.1/Tilesets/terrain palette/cliff-premade corners/tileset-cliff-premade corners_5.asset using Guid(d1237e24ac3830d49ad3058c2f0e2ad5) Importer(815301076,1909f56bfc062723c751e8b465ee728b)  -> (artifact id: '2ced6f13ee9d4e68f573c5008c819933') in 0.017410 seconds
Number of updated asset objects reloaded before import = 0
Number of asset objects unloaded after import = 3
========================================================================
Received Import Request.
  Time since last request: 0.000019 seconds.
  path: Assets/@Assets/RafaelMatos/ERW-Grass Land V1.5.1/Tilesets/terrain palette/cliff-premade corners/tileset-cliff-premade corners_12.asset
  artifactKey: Guid(fe796e326e0cf4c43bd28a39271589b8) Importer(815301076,1909f56bfc062723c751e8b465ee728b)
Start importing Assets/@Assets/RafaelMatos/ERW-Grass Land V1.5.1/Tilesets/terrain palette/cliff-premade corners/tileset-cliff-premade corners_12.asset using Guid(fe796e326e0cf4c43bd28a39271589b8) Importer(815301076,1909f56bfc062723c751e8b465ee728b)  -> (artifact id: '673f55cc38e28446f0467982524ff44e') in 0.017450 seconds
Number of updated asset objects reloaded before import = 0
Number of asset objects unloaded after import = 3
========================================================================
Received Import Request.
  Time since last request: 0.000022 seconds.
  path: Assets/@Assets/RafaelMatos/ERW-Grass Land V1.5.1/Tilesets/terrain palette/cliff-premade corners/tileset-cliff-premade corners_23.asset
  artifactKey: Guid(a68e0cd656339814290e30981cafc6b0) Importer(815301076,1909f56bfc062723c751e8b465ee728b)
Start importing Assets/@Assets/RafaelMatos/ERW-Grass Land V1.5.1/Tilesets/terrain palette/cliff-premade corners/tileset-cliff-premade corners_23.asset using Guid(a68e0cd656339814290e30981cafc6b0) Importer(815301076,1909f56bfc062723c751e8b465ee728b)  -> (artifact id: '37c22bcdd86837d3632ef2353a01372a') in 0.012658 seconds
Number of updated asset objects reloaded before import = 0
Number of asset objects unloaded after import = 3
========================================================================
Received Import Request.
  Time since last request: 0.000016 seconds.
  path: Assets/@Assets/RafaelMatos/ERW-Grass Land V1.5.1/Tilesets/terrain palette/cliff-premade corners/tileset-cliff-premade corners_19.asset
  artifactKey: Guid(308d76bc4fae3004381ffc360614dc7e) Importer(815301076,1909f56bfc062723c751e8b465ee728b)
Start importing Assets/@Assets/RafaelMatos/ERW-Grass Land V1.5.1/Tilesets/terrain palette/cliff-premade corners/tileset-cliff-premade corners_19.asset using Guid(308d76bc4fae3004381ffc360614dc7e) Importer(815301076,1909f56bfc062723c751e8b465ee728b)  -> (artifact id: '4bb98b015105d5d4e91248cc748f7146') in 0.029733 seconds
Number of updated asset objects reloaded before import = 0
Number of asset objects unloaded after import = 3
========================================================================
Received Import Request.
  Time since last request: 50.471799 seconds.
  path: Assets/@Assets/RafaelMatos/ERW-Grass Land V1.5.1/Tilesets/terrain palette/cliff/tileset-cliff_5.asset
  artifactKey: Guid(0ef8922122e20b84cadc9a221b4d0f29) Importer(815301076,1909f56bfc062723c751e8b465ee728b)
Start importing Assets/@Assets/RafaelMatos/ERW-Grass Land V1.5.1/Tilesets/terrain palette/cliff/tileset-cliff_5.asset using Guid(0ef8922122e20b84cadc9a221b4d0f29) Importer(815301076,1909f56bfc062723c751e8b465ee728b)  -> (artifact id: '256ab7a786365bb3974e564d511a5e6f') in 0.013510 seconds
Number of updated asset objects reloaded before import = 0
Number of asset objects unloaded after import = 3
========================================================================
Received Import Request.
  Time since last request: 0.008625 seconds.
  path: Assets/@Assets/RafaelMatos/ERW-Grass Land V1.5.1/Tilesets/terrain palette/cliff/tileset-cliff_15.asset
  artifactKey: Guid(b0ac5a3d9b737094cac2caac3b5e4db1) Importer(815301076,1909f56bfc062723c751e8b465ee728b)
Start importing Assets/@Assets/RafaelMatos/ERW-Grass Land V1.5.1/Tilesets/terrain palette/cliff/tileset-cliff_15.asset using Guid(b0ac5a3d9b737094cac2caac3b5e4db1) Importer(815301076,1909f56bfc062723c751e8b465ee728b)  -> (artifact id: '998b3fef45d7e9f4ddf08bdb25578b23') in 0.007199 seconds
Number of updated asset objects reloaded before import = 0
Number of asset objects unloaded after import = 3
========================================================================
Received Import Request.
  Time since last request: 1.795609 seconds.
  path: Assets/@Assets/RafaelMatos/ERW-Grass Land V1.5.1/Tilesets/terrain palette/dirt2 to grass1/dirt2 to grass1_5.asset
  artifactKey: Guid(aaaffca6b7799e041b3bdf4ea8794296) Importer(815301076,1909f56bfc062723c751e8b465ee728b)
Start importing Assets/@Assets/RafaelMatos/ERW-Grass Land V1.5.1/Tilesets/terrain palette/dirt2 to grass1/dirt2 to grass1_5.asset using Guid(aaaffca6b7799e041b3bdf4ea8794296) Importer(815301076,1909f56bfc062723c751e8b465ee728b)  -> (artifact id: '45908a36ac70a082e8b94f57ffb00c99') in 0.010120 seconds
Number of updated asset objects reloaded before import = 0
Number of asset objects unloaded after import = 3
========================================================================
Received Import Request.
  Time since last request: 0.000020 seconds.
  path: Assets/@Assets/RafaelMatos/ERW-Grass Land V1.5.1/Tilesets/terrain palette/dirt2 to grass1/dirt2 to grass1_7.asset
  artifactKey: Guid(c77d70227ffd51f48a93fba85fbc9e58) Importer(815301076,1909f56bfc062723c751e8b465ee728b)
Start importing Assets/@Assets/RafaelMatos/ERW-Grass Land V1.5.1/Tilesets/terrain palette/dirt2 to grass1/dirt2 to grass1_7.asset using Guid(c77d70227ffd51f48a93fba85fbc9e58) Importer(815301076,1909f56bfc062723c751e8b465ee728b)  -> (artifact id: 'f92ede9a122ad8faae243e7bc9f81ab9') in 0.006720 seconds
Number of updated asset objects reloaded before import = 0
Number of asset objects unloaded after import = 3
========================================================================
Received Import Request.
  Time since last request: 0.000011 seconds.
  path: Assets/@Assets/RafaelMatos/ERW-Grass Land V1.5.1/Tilesets/terrain palette/dirt2 to grass1/dirt2 to grass1_10.asset
  artifactKey: Guid(d3cac9fee7201574b83729271f7639da) Importer(815301076,1909f56bfc062723c751e8b465ee728b)
Start importing Assets/@Assets/RafaelMatos/ERW-Grass Land V1.5.1/Tilesets/terrain palette/dirt2 to grass1/dirt2 to grass1_10.asset using Guid(d3cac9fee7201574b83729271f7639da) Importer(815301076,1909f56bfc062723c751e8b465ee728b)  -> (artifact id: '88a41222708cb80babc7f9401d21322b') in 0.011323 seconds
Number of updated asset objects reloaded before import = 0
Number of asset objects unloaded after import = 3
========================================================================
Received Import Request.
  Time since last request: 0.000017 seconds.
  path: Assets/@Assets/RafaelMatos/ERW-Grass Land V1.5.1/Tilesets/terrain palette/dirt2 to grass1/dirt2 to grass1_13.asset
  artifactKey: Guid(34833d4a580ec5f418e759ba74283073) Importer(815301076,1909f56bfc062723c751e8b465ee728b)
Start importing Assets/@Assets/RafaelMatos/ERW-Grass Land V1.5.1/Tilesets/terrain palette/dirt2 to grass1/dirt2 to grass1_13.asset using Guid(34833d4a580ec5f418e759ba74283073) Importer(815301076,1909f56bfc062723c751e8b465ee728b)  -> (artifact id: 'b7b8ffab5f8126697dfaf66b1456a63c') in 0.010009 seconds
Number of updated asset objects reloaded before import = 0
Number of asset objects unloaded after import = 3
========================================================================
Received Import Request.
  Time since last request: 0.625831 seconds.
  path: Assets/@Assets/RafaelMatos/ERW-Grass Land V1.5.1/Tilesets/terrain palette/dirt2 to grass transp/dirt2 to grass transp_5.asset
  artifactKey: Guid(27171ed4a7de2ee4f895e5aca100b2ca) Importer(815301076,1909f56bfc062723c751e8b465ee728b)
Start importing Assets/@Assets/RafaelMatos/ERW-Grass Land V1.5.1/Tilesets/terrain palette/dirt2 to grass transp/dirt2 to grass transp_5.asset using Guid(27171ed4a7de2ee4f895e5aca100b2ca) Importer(815301076,1909f56bfc062723c751e8b465ee728b)  -> (artifact id: 'ded2578123e3d7249600f38c96999e51') in 0.012349 seconds
Number of updated asset objects reloaded before import = 0
Number of asset objects unloaded after import = 3
========================================================================
Received Import Request.
  Time since last request: 0.000019 seconds.
  path: Assets/@Assets/RafaelMatos/ERW-Grass Land V1.5.1/Tilesets/terrain palette/dirt2 to grass transp/dirt2 to grass transp_14.asset
  artifactKey: Guid(ccb476348415a58499cbe2b833b79b2d) Importer(815301076,1909f56bfc062723c751e8b465ee728b)
Start importing Assets/@Assets/RafaelMatos/ERW-Grass Land V1.5.1/Tilesets/terrain palette/dirt2 to grass transp/dirt2 to grass transp_14.asset using Guid(ccb476348415a58499cbe2b833b79b2d) Importer(815301076,1909f56bfc062723c751e8b465ee728b)  -> (artifact id: 'fa685050bc8e095dc56b7596bad12d3b') in 0.011457 seconds
Number of updated asset objects reloaded before import = 0
Number of asset objects unloaded after import = 3
========================================================================
Received Import Request.
  Time since last request: 0.000021 seconds.
  path: Assets/@Assets/RafaelMatos/ERW-Grass Land V1.5.1/Tilesets/terrain palette/dirt2 to grass transp/dirt2 to grass transp_18.asset
  artifactKey: Guid(2bf73591a12da7642877540acd5ab448) Importer(815301076,1909f56bfc062723c751e8b465ee728b)
Start importing Assets/@Assets/RafaelMatos/ERW-Grass Land V1.5.1/Tilesets/terrain palette/dirt2 to grass transp/dirt2 to grass transp_18.asset using Guid(2bf73591a12da7642877540acd5ab448) Importer(815301076,1909f56bfc062723c751e8b465ee728b)  -> (artifact id: '6ddbcdf34e50f9f422ca723fef9edba6') in 0.011787 seconds
Number of updated asset objects reloaded before import = 0
Number of asset objects unloaded after import = 3
Editor requested this worker to shutdown with reason: Scaling down because of idle timeout
TcpMessagingSession - receive error: operation aborted. errorcode: 995, details: 스레드 종료 또는 응용 프로그램 요청 때문에 I/O 작업이 취소되었습니다.
AssetImportWorker is now disconnected from the server
Process exiting
Exiting without the bug reporter. Application will terminate with return code 0