
=== Fri Oct 18 00:19:47 2024

Packages were changed.
Update Mode: updateDependencies

The following packages were updated:
  com.unity.2d.animation from version 7.0.5 to 9.1.0
  com.unity.2d.common from version 6.0.3 to 8.0.2
  com.unity.2d.pixel-perfect from version 5.0.1 to 5.0.3
  com.unity.2d.psdimporter from version 6.0.3 to 8.0.4
  com.unity.2d.spriteshape from version 7.0.4 to 9.0.2
  com.unity.2d.tilemap.extras from version 2.2.2 to 3.1.2
  com.unity.burst from version 1.6.5 to 1.8.13
  com.unity.collab-proxy from version 1.15.16 to 2.3.1
  com.unity.feature.2d from version 1.0.0 to 2.0.0
  com.unity.ide.rider from version 3.0.13 to 3.0.28
  com.unity.ide.visualstudio from version 2.0.14 to 2.0.22
  com.unity.nuget.newtonsoft-json from version 3.0.2 to 3.2.1
  com.unity.services.core from version 1.3.1 to 1.12.5
  com.unity.test-framework from version 1.1.31 to 1.1.33
  com.unity.timeline from version 1.6.4 to 1.7.6
  com.unity.visualscripting from version 1.7.6 to 1.9.4
The following packages were removed:
  com.unity.2d.path@5.0.2

=== Fri Oct 18 00:19:47 2024

Packages were changed.
Update Mode: mergeDefaultDependencies

The following packages were added:
  com.unity.services.core@1.12.5
